{"numFailedTestSuites":0,"numFailedTests":0,"numPassedTestSuites":7,"numPassedTests":25,"numPendingTestSuites":0,"numPendingTests":0,"numRuntimeErrorTestSuites":0,"numTodoTests":0,"numTotalTestSuites":7,"numTotalTests":25,"openHandles":[],"snapshot":{"added":0,"didUpdate":false,"failure":false,"filesAdded":0,"filesRemoved":0,"filesRemovedList":[],"filesUnmatched":0,"filesUpdated":0,"matched":0,"total":0,"unchecked":0,"uncheckedKeysByFile":[],"unmatched":0,"updated":0},"startTime":1774008308518,"success":true,"testResults":[{"assertionResults":[{"ancestorTitles":["GameStateSystem"],"duration":7,"failureDetails":[],"failureMessages":[],"fullName":"GameStateSystem should decrement invulnerability and synchronize lives","invocations":1,"location":null,"numPassingAsserts":2,"retryReasons":[],"status":"passed","title":"should decrement invulnerability and synchronize lives"},{"ancestorTitles":["GameStateSystem"],"duration":1,"failureDetails":[],"failureMessages":[],"fullName":"GameStateSystem should advance level and spawn new wave when no asteroids remain","invocations":1,"location":null,"numPassingAsserts":4,"retryReasons":[],"status":"passed","title":"should advance level and spawn new wave when no asteroids remain"},{"ancestorTitles":["GameStateSystem"],"duration":18,"failureDetails":[],"failureMessages":[],"fullName":"GameStateSystem should trigger game over when player health reaches zero","invocations":1,"location":null,"numPassingAsserts":1,"retryReasons":[],"status":"passed","title":"should trigger game over when player health reaches zero"},{"ancestorTitles":["GameStateSystem"],"duration":1,"failureDetails":[],"failureMessages":[],"fullName":"GameStateSystem should NOT trigger game over when player ship is missing but lives > 0","invocations":1,"location":null,"numPassingAsserts":1,"retryReasons":[],"status":"passed","title":"should NOT trigger game over when player ship is missing but lives > 0"},{"ancestorTitles":["GameStateSystem"],"duration":4,"failureDetails":[],"failureMessages":[],"fullName":"GameStateSystem should trigger game over when lives reach zero","invocations":1,"location":null,"numPassingAsserts":1,"retryReasons":[],"status":"passed","title":"should trigger game over when lives reach zero"}],"endTime":1774008309699,"message":"","name":"/app/src/game/systems/__tests__/GameStateSystem.test.ts","startTime":1774008309232,"status":"passed","summary":""},{"assertionResults":[{"ancestorTitles":["MovementSystem"],"duration":1,"failureDetails":[],"failureMessages":[],"fullName":"MovementSystem should update position based on velocity","invocations":1,"location":null,"numPassingAsserts":2,"retryReasons":[],"status":"passed","title":"should update position based on velocity"},{"ancestorTitles":["MovementSystem"],"duration":1,"failureDetails":[],"failureMessages":[],"fullName":"MovementSystem should wrap around the screen","invocations":1,"location":null,"numPassingAsserts":1,"retryReasons":[],"status":"passed","title":"should wrap around the screen"}],"endTime":1774008309843,"message":"","name":"/app/src/game/systems/__tests__/MovementSystem.test.ts","startTime":1774008309740,"status":"passed","summary":""},{"assertionResults":[{"ancestorTitles":["TTLSystem"],"duration":2,"failureDetails":[],"failureMessages":[],"fullName":"TTLSystem should decrement TTL and remove entity when it reaches 0","invocations":1,"location":null,"numPassingAsserts":3,"retryReasons":[],"status":"passed","title":"should decrement TTL and remove entity when it reaches 0"}],"endTime":1774008309946,"message":"","name":"/app/src/game/systems/__tests__/TTLSystem.test.ts","startTime":1774008309854,"status":"passed","summary":""},{"assertionResults":[{"ancestorTitles":["InputSystem"],"duration":7,"failureDetails":[],"failureMessages":[],"fullName":"InputSystem should update rotation when rotating left","invocations":1,"location":null,"numPassingAsserts":1,"retryReasons":[],"status":"passed","title":"should update rotation when rotating left"},{"ancestorTitles":["InputSystem"],"duration":1,"failureDetails":[],"failureMessages":[],"fullName":"InputSystem should update rotation when rotating right","invocations":1,"location":null,"numPassingAsserts":1,"retryReasons":[],"status":"passed","title":"should update rotation when rotating right"},{"ancestorTitles":["InputSystem"],"duration":1,"failureDetails":[],"failureMessages":[],"fullName":"InputSystem should apply thrust in the direction of rotation","invocations":1,"location":null,"numPassingAsserts":3,"retryReasons":[],"status":"passed","title":"should apply thrust in the direction of rotation"},{"ancestorTitles":["InputSystem"],"duration":2,"failureDetails":[],"failureMessages":[],"fullName":"InputSystem should handle shooting and respect cooldown","invocations":1,"location":null,"numPassingAsserts":3,"retryReasons":[],"status":"passed","title":"should handle shooting and respect cooldown"},{"ancestorTitles":["InputSystem"],"duration":1,"failureDetails":[],"failureMessages":[],"fullName":"InputSystem should update input state component","invocations":1,"location":null,"numPassingAsserts":3,"retryReasons":[],"status":"passed","title":"should update input state component"}],"endTime":1774008309960,"message":"","name":"/app/src/game/systems/__tests__/InputSystem.test.ts","startTime":1774008309211,"status":"passed","summary":""},{"assertionResults":[{"ancestorTitles":["CollisionSystem"],"duration":14,"failureDetails":[],"failureMessages":[],"fullName":"CollisionSystem should detect collision between two circles","invocations":1,"location":null,"numPassingAsserts":2,"retryReasons":[],"status":"passed","title":"should detect collision between two circles"},{"ancestorTitles":["CollisionSystem"],"duration":0,"failureDetails":[],"failureMessages":[],"fullName":"CollisionSystem should respect invulnerability","invocations":1,"location":null,"numPassingAsserts":1,"retryReasons":[],"status":"passed","title":"should respect invulnerability"}],"endTime":1774008309984,"message":"","name":"/app/src/game/systems/__tests__/CollisionSystem.test.ts","startTime":1774008309210,"status":"passed","summary":""},{"assertionResults":[{"ancestorTitles":["ECS World"],"duration":1,"failureDetails":[],"failureMessages":[],"fullName":"ECS World should create unique entities","invocations":1,"location":null,"numPassingAsserts":3,"retryReasons":[],"status":"passed","title":"should create unique entities"},{"ancestorTitles":["ECS World"],"duration":1,"failureDetails":[],"failureMessages":[],"fullName":"ECS World should retrieve components","invocations":1,"location":null,"numPassingAsserts":1,"retryReasons":[],"status":"passed","title":"should retrieve components"},{"ancestorTitles":["ECS World"],"duration":0,"failureDetails":[],"failureMessages":[],"fullName":"ECS World should remove components","invocations":1,"location":null,"numPassingAsserts":1,"retryReasons":[],"status":"passed","title":"should remove components"},{"ancestorTitles":["ECS World"],"duration":1,"failureDetails":[],"failureMessages":[],"fullName":"ECS World should query entities by components","invocations":1,"location":null,"numPassingAsserts":2,"retryReasons":[],"status":"passed","title":"should query entities by components"},{"ancestorTitles":["ECS World"],"duration":0,"failureDetails":[],"failureMessages":[],"fullName":"ECS World should remove entities and their components","invocations":1,"location":null,"numPassingAsserts":3,"retryReasons":[],"status":"passed","title":"should remove entities and their components"},{"ancestorTitles":["ECS World"],"duration":1,"failureDetails":[],"failureMessages":[],"fullName":"ECS World should update systems","invocations":1,"location":null,"numPassingAsserts":1,"retryReasons":[],"status":"passed","title":"should update systems"},{"ancestorTitles":["ECS World"],"duration":1,"failureDetails":[],"failureMessages":[],"fullName":"ECS World should clear the world","invocations":1,"location":null,"numPassingAsserts":3,"retryReasons":[],"status":"passed","title":"should clear the world"}],"endTime":1774008310037,"message":"","name":"/app/src/game/__tests__/ecs-world.test.ts","startTime":1774008309952,"status":"passed","summary":""},{"assertionResults":[{"ancestorTitles":["GameUtils","getGameState"],"duration":2,"failureDetails":[],"failureMessages":[],"fullName":"GameUtils getGameState should return INITIAL_GAME_STATE when the world has no GameState entity","invocations":1,"location":null,"numPassingAsserts":1,"retryReasons":[],"status":"passed","title":"should return INITIAL_GAME_STATE when the world has no GameState entity"},{"ancestorTitles":["GameUtils","getGameState"],"duration":0,"failureDetails":[],"failureMessages":[],"fullName":"GameUtils getGameState should return the GameState component when it exists in the world","invocations":1,"location":null,"numPassingAsserts":1,"retryReasons":[],"status":"passed","title":"should return the GameState component when it exists in the world"},{"ancestorTitles":["GameUtils","getGameState"],"duration":1,"failureDetails":[],"failureMessages":[],"fullName":"GameUtils getGameState should return INITIAL_GAME_STATE if GameState component is missing from the entity","invocations":1,"location":null,"numPassingAsserts":1,"retryReasons":[],"status":"passed","title":"should return INITIAL_GAME_STATE if GameState component is missing from the entity"}],"endTime":1774008310058,"message":"","name":"/app/src/game/__tests__/GameUtils.test.ts","startTime":1774008309973,"status":"passed","summary":""}],"wasInterrupted":false}
