<?xml version="1.0" encoding="UTF-8"?>
<coverage generated="1774017743100" clover="3.2.0">
  <project timestamp="1774017743101" name="All files">
    <metrics statements="465" coveredstatements="436" conditionals="168" coveredconditionals="122" methods="156" coveredmethods="139" elements="789" coveredelements="697" complexity="0" loc="465" ncloc="465" packages="4" files="12" classes="12"/>
    <package name="game">
      <metrics statements="227" coveredstatements="208" conditionals="61" coveredconditionals="40" methods="83" coveredmethods="71"/>
      <file name="AsteroidsGame.ts" path="/app/src/game/AsteroidsGame.ts">
        <metrics statements="106" coveredstatements="87" conditionals="34" coveredconditionals="17" methods="48" coveredmethods="36"/>
        <line num="27" count="2" type="stmt"/>
        <line num="33" count="1" type="stmt"/>
        <line num="36" count="1" type="stmt"/>
        <line num="39" count="1" type="stmt"/>
        <line num="42" count="1" type="stmt"/>
        <line num="45" count="0" type="stmt"/>
        <line num="48" count="1" type="stmt"/>
        <line num="49" count="1" type="stmt"/>
        <line num="58" count="8" type="stmt"/>
        <line num="64" count="8" type="stmt"/>
        <line num="65" count="8" type="stmt"/>
        <line num="68" count="8" type="stmt"/>
        <line num="69" count="8" type="stmt"/>
        <line num="70" count="8" type="stmt"/>
        <line num="71" count="8" type="stmt"/>
        <line num="77" count="3" type="cond" truecount="1" falsecount="1"/>
        <line num="79" count="3" type="stmt"/>
        <line num="80" count="3" type="stmt"/>
        <line num="81" count="3" type="stmt"/>
        <line num="82" count="3" type="stmt"/>
        <line num="83" count="3" type="stmt"/>
        <line num="87" count="9" type="cond" truecount="1" falsecount="1"/>
        <line num="88" count="0" type="stmt"/>
        <line num="89" count="0" type="stmt"/>
        <line num="91" count="9" type="stmt"/>
        <line num="92" count="9" type="stmt"/>
        <line num="96" count="2" type="cond" truecount="3" falsecount="1"/>
        <line num="97" count="2" type="stmt"/>
        <line num="98" count="2" type="stmt"/>
        <line num="103" count="1" type="cond" truecount="2" falsecount="0"/>
        <line num="104" count="1" type="cond" truecount="1" falsecount="1"/>
        <line num="105" count="1" type="stmt"/>
        <line num="106" count="1" type="stmt"/>
        <line num="107" count="1" type="stmt"/>
        <line num="112" count="1" type="stmt"/>
        <line num="113" count="1" type="stmt"/>
        <line num="114" count="1" type="stmt"/>
        <line num="115" count="1" type="stmt"/>
        <line num="119" count="3" type="stmt"/>
        <line num="123" count="1" type="stmt"/>
        <line num="127" count="3" type="stmt"/>
        <line num="131" count="0" type="cond" truecount="0" falsecount="2"/>
        <line num="132" count="0" type="cond" truecount="0" falsecount="2"/>
        <line num="133" count="0" type="stmt"/>
        <line num="138" count="1" type="stmt"/>
        <line num="142" count="1" type="stmt"/>
        <line num="143" count="1" type="stmt"/>
        <line num="144" count="0" type="stmt"/>
        <line num="146" count="1" type="stmt"/>
        <line num="150" count="9" type="stmt"/>
        <line num="151" count="9" type="stmt"/>
        <line num="152" count="9" type="stmt"/>
        <line num="153" count="9" type="stmt"/>
        <line num="159" count="1" type="stmt"/>
        <line num="160" count="1" type="stmt"/>
        <line num="164" count="1" type="cond" truecount="1" falsecount="1"/>
        <line num="165" count="0" type="stmt"/>
        <line num="170" count="4" type="stmt"/>
        <line num="171" count="4" type="stmt"/>
        <line num="175" count="8" type="stmt"/>
        <line num="176" count="8" type="stmt"/>
        <line num="180" count="8" type="stmt"/>
        <line num="181" count="8" type="stmt"/>
        <line num="185" count="8" type="stmt"/>
        <line num="186" count="8" type="stmt"/>
        <line num="187" count="8" type="stmt"/>
        <line num="188" count="8" type="stmt"/>
        <line num="189" count="8" type="stmt"/>
        <line num="193" count="9" type="stmt"/>
        <line num="194" count="9" type="stmt"/>
        <line num="195" count="9" type="stmt"/>
        <line num="199" count="9" type="stmt"/>
        <line num="203" count="9" type="stmt"/>
        <line num="204" count="9" type="stmt"/>
        <line num="205" count="9" type="stmt"/>
        <line num="209" count="9" type="stmt"/>
        <line num="213" count="7" type="stmt"/>
        <line num="214" count="2" type="stmt"/>
        <line num="218" count="8" type="stmt"/>
        <line num="219" count="3" type="cond" truecount="1" falsecount="1"/>
        <line num="221" count="3" type="stmt"/>
        <line num="222" count="3" type="stmt"/>
        <line num="224" count="3" type="stmt"/>
        <line num="228" count="3" type="stmt"/>
        <line num="229" count="3" type="stmt"/>
        <line num="230" count="3" type="stmt"/>
        <line num="232" count="3" type="stmt"/>
        <line num="236" count="3" type="stmt"/>
        <line num="237" count="3" type="stmt"/>
        <line num="241" count="3" type="cond" truecount="1" falsecount="1"/>
        <line num="242" count="3" type="stmt"/>
        <line num="247" count="8" type="cond" truecount="2" falsecount="0"/>
        <line num="248" count="8" type="cond" truecount="1" falsecount="1"/>
        <line num="250" count="0" type="stmt"/>
        <line num="254" count="9" type="cond" truecount="2" falsecount="0"/>
        <line num="255" count="9" type="cond" truecount="1" falsecount="1"/>
        <line num="257" count="0" type="stmt"/>
        <line num="261" count="0" type="stmt"/>
        <line num="262" count="0" type="stmt"/>
        <line num="263" count="0" type="stmt"/>
        <line num="266" count="0" type="stmt"/>
        <line num="267" count="0" type="cond" truecount="0" falsecount="2"/>
        <line num="268" count="0" type="stmt"/>
        <line num="273" count="0" type="cond" truecount="0" falsecount="2"/>
        <line num="274" count="0" type="stmt"/>
        <line num="276" count="0" type="stmt"/>
      </file>
      <file name="EntityFactory.ts" path="/app/src/game/EntityFactory.ts">
        <metrics statements="69" coveredstatements="69" conditionals="1" coveredconditionals="1" methods="15" coveredmethods="15"/>
        <line num="53" count="12" type="stmt"/>
        <line num="54" count="12" type="stmt"/>
        <line num="56" count="12" type="stmt"/>
        <line num="57" count="12" type="stmt"/>
        <line num="59" count="12" type="stmt"/>
        <line num="68" count="12" type="stmt"/>
        <line num="69" count="12" type="stmt"/>
        <line num="70" count="12" type="stmt"/>
        <line num="71" count="12" type="stmt"/>
        <line num="81" count="12" type="stmt"/>
        <line num="82" count="12" type="stmt"/>
        <line num="83" count="12" type="stmt"/>
        <line num="87" count="12" type="stmt"/>
        <line num="88" count="12" type="stmt"/>
        <line num="89" count="12" type="stmt"/>
        <line num="93" count="12" type="stmt"/>
        <line num="94" count="12" type="stmt"/>
        <line num="95" count="12" type="stmt"/>
        <line num="104" count="12" type="stmt"/>
        <line num="105" count="12" type="stmt"/>
        <line num="122" count="70" type="stmt"/>
        <line num="123" count="70" type="stmt"/>
        <line num="125" count="70" type="stmt"/>
        <line num="126" count="70" type="stmt"/>
        <line num="128" count="70" type="stmt"/>
        <line num="137" count="70" type="stmt"/>
        <line num="138" count="70" type="stmt"/>
        <line num="139" count="70" type="stmt"/>
        <line num="151" count="70" type="stmt"/>
        <line num="152" count="70" type="stmt"/>
        <line num="153" count="70" type="stmt"/>
        <line num="160" count="70" type="stmt"/>
        <line num="161" count="70" type="stmt"/>
        <line num="171" count="5" type="stmt"/>
        <line num="172" count="5" type="stmt"/>
        <line num="174" count="5" type="stmt"/>
        <line num="175" count="5" type="stmt"/>
        <line num="177" count="5" type="stmt"/>
        <line num="187" count="5" type="stmt"/>
        <line num="188" count="5" type="stmt"/>
        <line num="189" count="5" type="stmt"/>
        <line num="190" count="5" type="stmt"/>
        <line num="198" count="5" type="stmt"/>
        <line num="199" count="5" type="stmt"/>
        <line num="200" count="5" type="stmt"/>
        <line num="201" count="5" type="stmt"/>
        <line num="202" count="5" type="stmt"/>
        <line num="203" count="5" type="stmt"/>
        <line num="204" count="5" type="stmt"/>
        <line num="214" count="10" type="stmt"/>
        <line num="215" count="10" type="stmt"/>
        <line num="216" count="10" type="stmt"/>
        <line num="224" count="10" type="stmt"/>
        <line num="233" count="15" type="stmt"/>
        <line num="234" count="15" type="stmt"/>
        <line num="235" count="15" type="stmt"/>
        <line num="236" count="15" type="stmt"/>
        <line num="238" count="15" type="stmt"/>
        <line num="239" count="65" type="stmt"/>
        <line num="240" count="65" type="stmt"/>
        <line num="241" count="65" type="stmt"/>
        <line num="242" count="65" type="stmt"/>
        <line num="253" count="17" type="cond" truecount="1" falsecount="0"/>
        <line num="254" count="17" type="stmt"/>
        <line num="256" count="17" type="stmt"/>
        <line num="257" count="17" type="stmt"/>
        <line num="258" count="17" type="stmt"/>
        <line num="265" count="17" type="stmt"/>
        <line num="267" count="17" type="stmt"/>
      </file>
      <file name="GameUtils.ts" path="/app/src/game/GameUtils.ts">
        <metrics statements="4" coveredstatements="4" conditionals="4" coveredconditionals="3" methods="1" coveredmethods="1"/>
        <line num="15" count="18" type="stmt"/>
        <line num="16" count="18" type="cond" truecount="2" falsecount="0"/>
        <line num="17" count="3" type="stmt"/>
        <line num="19" count="15" type="cond" truecount="1" falsecount="1"/>
      </file>
      <file name="ecs-world.ts" path="/app/src/game/ecs-world.ts">
        <metrics statements="48" coveredstatements="48" conditionals="22" coveredconditionals="19" methods="19" coveredmethods="19"/>
        <line num="44" count="50" type="stmt"/>
        <line num="45" count="50" type="stmt"/>
        <line num="46" count="50" type="stmt"/>
        <line num="47" count="50" type="stmt"/>
        <line num="48" count="50" type="stmt"/>
        <line num="53" count="50" type="stmt"/>
        <line num="61" count="153" type="stmt"/>
        <line num="62" count="153" type="stmt"/>
        <line num="63" count="153" type="stmt"/>
        <line num="64" count="153" type="stmt"/>
        <line num="75" count="630" type="stmt"/>
        <line num="77" count="630" type="stmt"/>
        <line num="79" count="630" type="stmt"/>
        <line num="80" count="630" type="stmt"/>
        <line num="81" count="630" type="stmt"/>
        <line num="92" count="287" type="stmt"/>
        <line num="103" count="28" type="cond" truecount="2" falsecount="0"/>
        <line num="113" count="1" type="stmt"/>
        <line num="114" count="1" type="cond" truecount="3" falsecount="1"/>
        <line num="115" count="1" type="stmt"/>
        <line num="116" count="1" type="stmt"/>
        <line num="130" count="79" type="cond" truecount="1" falsecount="1"/>
        <line num="132" count="79" type="stmt"/>
        <line num="133" count="79" type="stmt"/>
        <line num="135" count="79" type="cond" truecount="4" falsecount="0"/>
        <line num="136" count="16" type="stmt"/>
        <line num="139" count="63" type="stmt"/>
        <line num="148" count="6" type="stmt"/>
        <line num="149" count="32" type="cond" truecount="2" falsecount="0"/>
        <line num="150" count="14" type="stmt"/>
        <line num="154" count="6" type="cond" truecount="1" falsecount="1"/>
        <line num="155" count="6" type="stmt"/>
        <line num="164" count="2" type="stmt"/>
        <line num="165" count="2" type="stmt"/>
        <line num="166" count="2" type="stmt"/>
        <line num="167" count="2" type="stmt"/>
        <line num="176" count="60" type="stmt"/>
        <line num="185" count="40" type="stmt"/>
        <line num="194" count="5" type="stmt"/>
        <line num="198" count="63" type="stmt"/>
        <line num="199" count="118" type="stmt"/>
        <line num="204" count="79" type="stmt"/>
        <line num="205" count="76" type="cond" truecount="2" falsecount="0"/>
        <line num="206" count="76" type="cond" truecount="2" falsecount="0"/>
        <line num="207" count="76" type="stmt"/>
        <line num="212" count="630" type="cond" truecount="2" falsecount="0"/>
        <line num="213" count="253" type="stmt"/>
        <line num="214" count="253" type="stmt"/>
      </file>
    </package>
    <package name="game.systems">
      <metrics statements="226" coveredstatements="218" conditionals="95" coveredconditionals="78" methods="67" coveredmethods="64"/>
      <file name="CollisionSystem.ts" path="/app/src/game/systems/CollisionSystem.ts">
        <metrics statements="86" coveredstatements="85" conditionals="40" coveredconditionals="34" methods="20" coveredmethods="20"/>
        <line num="19" count="2" type="stmt"/>
        <line num="33" count="9" type="stmt"/>
        <line num="34" count="9" type="stmt"/>
        <line num="35" count="9" type="stmt"/>
        <line num="36" count="9" type="cond" truecount="2" falsecount="0"/>
        <line num="37" count="8" type="stmt"/>
        <line num="42" count="8" type="stmt"/>
        <line num="43" count="8" type="stmt"/>
        <line num="44" count="25" type="stmt"/>
        <line num="54" count="25" type="stmt"/>
        <line num="55" count="25" type="stmt"/>
        <line num="56" count="35" type="stmt"/>
        <line num="61" count="35" type="stmt"/>
        <line num="62" count="35" type="stmt"/>
        <line num="63" count="35" type="cond" truecount="2" falsecount="0"/>
        <line num="64" count="5" type="stmt"/>
        <line num="69" count="35" type="stmt"/>
        <line num="70" count="35" type="stmt"/>
        <line num="71" count="35" type="stmt"/>
        <line num="72" count="35" type="stmt"/>
        <line num="73" count="35" type="stmt"/>
        <line num="75" count="35" type="cond" truecount="5" falsecount="1"/>
        <line num="77" count="35" type="stmt"/>
        <line num="78" count="35" type="stmt"/>
        <line num="80" count="35" type="stmt"/>
        <line num="84" count="35" type="stmt"/>
        <line num="85" count="35" type="stmt"/>
        <line num="86" count="35" type="stmt"/>
        <line num="87" count="35" type="stmt"/>
        <line num="88" count="35" type="stmt"/>
        <line num="92" count="5" type="stmt"/>
        <line num="93" count="5" type="stmt"/>
        <line num="95" count="5" type="cond" truecount="2" falsecount="0"/>
        <line num="96" count="3" type="stmt"/>
        <line num="103" count="5" type="stmt"/>
        <line num="104" count="5" type="stmt"/>
        <line num="106" count="5" type="cond" truecount="2" falsecount="0"/>
        <line num="107" count="2" type="stmt"/>
        <line num="112" count="2" type="stmt"/>
        <line num="114" count="3" type="stmt"/>
        <line num="121" count="3" type="stmt"/>
        <line num="122" count="3" type="stmt"/>
        <line num="124" count="3" type="cond" truecount="1" falsecount="1"/>
        <line num="125" count="3" type="stmt"/>
        <line num="135" count="8" type="stmt"/>
        <line num="136" count="8" type="stmt"/>
        <line num="138" count="8" type="cond" truecount="4" falsecount="0"/>
        <line num="139" count="5" type="stmt"/>
        <line num="141" count="3" type="cond" truecount="2" falsecount="2"/>
        <line num="142" count="0" type="stmt"/>
        <line num="144" count="3" type="stmt"/>
        <line num="148" count="2" type="stmt"/>
        <line num="149" count="2" type="stmt"/>
        <line num="150" count="2" type="cond" truecount="1" falsecount="1"/>
        <line num="151" count="2" type="stmt"/>
        <line num="153" count="2" type="stmt"/>
        <line num="154" count="2" type="stmt"/>
        <line num="155" count="2" type="stmt"/>
        <line num="159" count="2" type="stmt"/>
        <line num="160" count="16" type="stmt"/>
        <line num="173" count="3" type="stmt"/>
        <line num="174" count="3" type="stmt"/>
        <line num="176" count="3" type="cond" truecount="2" falsecount="0"/>
        <line num="177" count="2" type="stmt"/>
        <line num="182" count="3" type="cond" truecount="2" falsecount="0"/>
        <line num="186" count="2" type="stmt"/>
        <line num="187" count="2" type="stmt"/>
        <line num="189" count="2" type="cond" truecount="2" falsecount="0"/>
        <line num="190" count="1" type="stmt"/>
        <line num="192" count="1" type="stmt"/>
        <line num="197" count="2" type="stmt"/>
        <line num="198" count="2" type="stmt"/>
        <line num="199" count="2" type="stmt"/>
        <line num="201" count="2" type="cond" truecount="3" falsecount="1"/>
        <line num="202" count="2" type="stmt"/>
        <line num="204" count="2" type="stmt"/>
        <line num="212" count="2" type="stmt"/>
        <line num="213" count="2" type="stmt"/>
        <line num="215" count="2" type="cond" truecount="2" falsecount="0"/>
        <line num="216" count="1" type="stmt"/>
        <line num="226" count="1" type="stmt"/>
        <line num="227" count="1" type="stmt"/>
        <line num="228" count="1" type="stmt"/>
        <line num="232" count="2" type="stmt"/>
        <line num="233" count="2" type="stmt"/>
        <line num="234" count="2" type="stmt"/>
      </file>
      <file name="GameStateSystem.ts" path="/app/src/game/systems/GameStateSystem.ts">
        <metrics statements="41" coveredstatements="41" conditionals="12" coveredconditionals="10" methods="13" coveredmethods="13"/>
        <line num="12" count="13" type="stmt"/>
        <line num="16" count="13" type="stmt"/>
        <line num="17" count="13" type="stmt"/>
        <line num="24" count="9" type="stmt"/>
        <line num="26" count="9" type="stmt"/>
        <line num="27" count="9" type="stmt"/>
        <line num="28" count="9" type="stmt"/>
        <line num="29" count="9" type="stmt"/>
        <line num="33" count="1" type="stmt"/>
        <line num="37" count="1" type="stmt"/>
        <line num="38" count="1" type="stmt"/>
        <line num="42" count="9" type="stmt"/>
        <line num="43" count="9" type="stmt"/>
        <line num="47" count="9" type="cond" truecount="2" falsecount="0"/>
        <line num="48" count="5" type="stmt"/>
        <line num="53" count="5" type="stmt"/>
        <line num="54" count="5" type="stmt"/>
        <line num="55" count="5" type="stmt"/>
        <line num="63" count="9" type="stmt"/>
        <line num="64" count="9" type="stmt"/>
        <line num="65" count="9" type="cond" truecount="2" falsecount="0"/>
        <line num="67" count="7" type="stmt"/>
        <line num="68" count="7" type="stmt"/>
        <line num="69" count="7" type="cond" truecount="1" falsecount="1"/>
        <line num="71" count="7" type="stmt"/>
        <line num="72" count="7" type="stmt"/>
        <line num="76" count="7" type="cond" truecount="2" falsecount="0"/>
        <line num="77" count="1" type="stmt"/>
        <line num="82" count="9" type="stmt"/>
        <line num="83" count="9" type="stmt"/>
        <line num="85" count="9" type="cond" truecount="2" falsecount="0"/>
        <line num="86" count="2" type="stmt"/>
        <line num="88" count="7" type="stmt"/>
        <line num="93" count="9" type="stmt"/>
        <line num="97" count="2" type="cond" truecount="1" falsecount="1"/>
        <line num="98" count="2" type="stmt"/>
        <line num="99" count="2" type="stmt"/>
        <line num="100" count="2" type="stmt"/>
        <line num="105" count="5" type="stmt"/>
        <line num="106" count="5" type="stmt"/>
        <line num="107" count="5" type="stmt"/>
      </file>
      <file name="InputSystem.ts" path="/app/src/game/systems/InputSystem.ts">
        <metrics statements="67" coveredstatements="61" conditionals="31" coveredconditionals="26" methods="22" coveredmethods="19"/>
        <line num="22" count="13" type="stmt"/>
        <line num="23" count="13" type="stmt"/>
        <line num="24" count="13" type="stmt"/>
        <line num="30" count="13" type="stmt"/>
        <line num="31" count="13" type="stmt"/>
        <line num="38" count="9" type="cond" truecount="2" falsecount="0"/>
        <line num="39" count="9" type="cond" truecount="1" falsecount="1"/>
        <line num="40" count="0" type="stmt"/>
        <line num="41" count="0" type="stmt"/>
        <line num="51" count="5" type="stmt"/>
        <line num="61" count="11" type="stmt"/>
        <line num="62" count="11" type="stmt"/>
        <line num="66" count="11" type="stmt"/>
        <line num="67" count="11" type="stmt"/>
        <line num="68" count="11" type="cond" truecount="1" falsecount="1"/>
        <line num="70" count="11" type="stmt"/>
        <line num="71" count="11" type="stmt"/>
        <line num="75" count="11" type="stmt"/>
        <line num="76" count="11" type="stmt"/>
        <line num="85" count="11" type="stmt"/>
        <line num="86" count="11" type="stmt"/>
        <line num="87" count="11" type="stmt"/>
        <line num="88" count="11" type="stmt"/>
        <line num="90" count="11" type="cond" truecount="4" falsecount="1"/>
        <line num="91" count="11" type="stmt"/>
        <line num="92" count="11" type="stmt"/>
        <line num="97" count="5" type="stmt"/>
        <line num="98" count="5" type="stmt"/>
        <line num="99" count="5" type="stmt"/>
        <line num="100" count="5" type="stmt"/>
        <line num="104" count="20" type="cond" truecount="2" falsecount="0"/>
        <line num="106" count="6" type="cond" truecount="1" falsecount="1"/>
        <line num="107" count="6" type="stmt"/>
        <line num="109" count="0" type="stmt"/>
        <line num="114" count="13" type="cond" truecount="2" falsecount="0"/>
        <line num="115" count="13" type="cond" truecount="1" falsecount="1"/>
        <line num="116" count="0" type="stmt"/>
        <line num="117" count="0" type="stmt"/>
        <line num="122" count="6" type="stmt"/>
        <line num="126" count="0" type="stmt"/>
        <line num="130" count="11" type="cond" truecount="2" falsecount="0"/>
        <line num="131" count="3" type="stmt"/>
        <line num="136" count="11" type="stmt"/>
        <line num="137" count="11" type="stmt"/>
        <line num="138" count="11" type="stmt"/>
        <line num="139" count="11" type="stmt"/>
        <line num="148" count="11" type="stmt"/>
        <line num="149" count="11" type="stmt"/>
        <line num="151" count="11" type="stmt"/>
        <line num="152" count="11" type="stmt"/>
        <line num="153" count="11" type="stmt"/>
        <line num="157" count="11" type="stmt"/>
        <line num="158" count="11" type="cond" truecount="2" falsecount="0"/>
        <line num="159" count="11" type="cond" truecount="2" falsecount="0"/>
        <line num="168" count="11" type="stmt"/>
        <line num="169" count="11" type="cond" truecount="2" falsecount="0"/>
        <line num="170" count="2" type="stmt"/>
        <line num="171" count="2" type="stmt"/>
        <line num="176" count="11" type="stmt"/>
        <line num="177" count="11" type="stmt"/>
        <line num="178" count="11" type="stmt"/>
        <line num="187" count="11" type="stmt"/>
        <line num="188" count="11" type="cond" truecount="2" falsecount="0"/>
        <line num="189" count="11" type="cond" truecount="2" falsecount="0"/>
        <line num="190" count="3" type="stmt"/>
        <line num="191" count="3" type="stmt"/>
        <line num="192" count="3" type="stmt"/>
      </file>
      <file name="MovementSystem.ts" path="/app/src/game/systems/MovementSystem.ts">
        <metrics statements="19" coveredstatements="18" conditionals="8" coveredconditionals="6" methods="5" coveredmethods="5"/>
        <line num="16" count="5" type="stmt"/>
        <line num="18" count="5" type="stmt"/>
        <line num="19" count="17" type="stmt"/>
        <line num="20" count="17" type="stmt"/>
        <line num="22" count="17" type="cond" truecount="3" falsecount="1"/>
        <line num="23" count="17" type="stmt"/>
        <line num="24" count="17" type="stmt"/>
        <line num="34" count="17" type="stmt"/>
        <line num="35" count="17" type="stmt"/>
        <line num="36" count="17" type="stmt"/>
        <line num="37" count="17" type="stmt"/>
        <line num="41" count="17" type="stmt"/>
        <line num="43" count="17" type="stmt"/>
        <line num="44" count="17" type="stmt"/>
        <line num="48" count="34" type="stmt"/>
        <line num="49" count="34" type="cond" truecount="1" falsecount="1"/>
        <line num="50" count="0" type="stmt"/>
        <line num="51" count="34" type="cond" truecount="2" falsecount="0"/>
        <line num="52" count="1" type="stmt"/>
      </file>
      <file name="TTLSystem.ts" path="/app/src/game/systems/TTLSystem.ts">
        <metrics statements="13" coveredstatements="13" conditionals="4" coveredconditionals="2" methods="7" coveredmethods="7"/>
        <line num="12" count="5" type="stmt"/>
        <line num="14" count="5" type="stmt"/>
        <line num="15" count="5" type="stmt"/>
        <line num="17" count="5" type="stmt"/>
        <line num="21" count="5" type="stmt"/>
        <line num="22" count="2" type="stmt"/>
        <line num="23" count="2" type="cond" truecount="1" falsecount="1"/>
        <line num="24" count="2" type="stmt"/>
        <line num="30" count="5" type="stmt"/>
        <line num="31" count="2" type="stmt"/>
        <line num="32" count="2" type="cond" truecount="1" falsecount="1"/>
        <line num="37" count="5" type="stmt"/>
        <line num="38" count="1" type="stmt"/>
      </file>
    </package>
    <package name="types">
      <metrics statements="2" coveredstatements="2" conditionals="0" coveredconditionals="0" methods="0" coveredmethods="0"/>
      <file name="GameTypes.ts" path="/app/src/types/GameTypes.ts">
        <metrics statements="2" coveredstatements="2" conditionals="0" coveredconditionals="0" methods="0" coveredmethods="0"/>
        <line num="196" count="7" type="stmt"/>
        <line num="208" count="7" type="stmt"/>
      </file>
    </package>
    <package name="utils">
      <metrics statements="10" coveredstatements="8" conditionals="12" coveredconditionals="4" methods="6" coveredmethods="4"/>
      <file name="haptics.ts" path="/app/src/utils/haptics.ts">
        <metrics statements="6" coveredstatements="6" conditionals="6" coveredconditionals="3" methods="3" coveredmethods="3"/>
        <line num="8" count="3" type="cond" truecount="1" falsecount="1"/>
        <line num="9" count="3" type="stmt"/>
        <line num="16" count="1" type="cond" truecount="1" falsecount="1"/>
        <line num="17" count="1" type="stmt"/>
        <line num="24" count="1" type="cond" truecount="1" falsecount="1"/>
        <line num="25" count="1" type="stmt"/>
      </file>
      <file name="logger.ts" path="/app/src/utils/logger.ts">
        <metrics statements="4" coveredstatements="2" conditionals="6" coveredconditionals="1" methods="3" coveredmethods="1"/>
        <line num="1" count="2" type="stmt"/>
        <line num="2" count="7" type="cond" truecount="1" falsecount="1"/>
        <line num="3" count="0" type="cond" truecount="0" falsecount="2"/>
        <line num="4" count="0" type="cond" truecount="0" falsecount="2"/>
      </file>
    </package>
  </project>
</coverage>
