{"total": {"lines":{"total":355,"covered":279,"skipped":0,"pct":78.59},"statements":{"total":375,"covered":288,"skipped":0,"pct":76.8},"functions":{"total":104,"covered":82,"skipped":0,"pct":78.84},"branches":{"total":128,"covered":85,"skipped":0,"pct":66.4},"branchesTrue":{"total":0,"covered":0,"skipped":0,"pct":100}}
,"/app/src/game/EntityFactory.ts": {"lines":{"total":69,"covered":38,"skipped":0,"pct":55.07},"functions":{"total":15,"covered":7,"skipped":0,"pct":46.66},"statements":{"total":70,"covered":39,"skipped":0,"pct":55.71},"branches":{"total":1,"covered":0,"skipped":0,"pct":0}}
,"/app/src/game/GameUtils.ts": {"lines":{"total":4,"covered":4,"skipped":0,"pct":100},"functions":{"total":1,"covered":1,"skipped":0,"pct":100},"statements":{"total":4,"covered":4,"skipped":0,"pct":100},"branches":{"total":4,"covered":3,"skipped":0,"pct":75}}
,"/app/src/game/ecs-world.ts": {"lines":{"total":48,"covered":48,"skipped":0,"pct":100},"functions":{"total":19,"covered":19,"skipped":0,"pct":100},"statements":{"total":51,"covered":50,"skipped":0,"pct":98.03},"branches":{"total":22,"covered":18,"skipped":0,"pct":81.81}}
,"/app/src/game/systems/CollisionSystem.ts": {"lines":{"total":86,"covered":55,"skipped":0,"pct":63.95},"functions":{"total":19,"covered":12,"skipped":0,"pct":63.15},"statements":{"total":90,"covered":56,"skipped":0,"pct":62.22},"branches":{"total":40,"covered":21,"skipped":0,"pct":52.5}}
,"/app/src/game/systems/GameStateSystem.ts": {"lines":{"total":41,"covered":38,"skipped":0,"pct":92.68},"functions":{"total":13,"covered":11,"skipped":0,"pct":84.61},"statements":{"total":43,"covered":39,"skipped":0,"pct":90.69},"branches":{"total":12,"covered":10,"skipped":0,"pct":83.33}}
,"/app/src/game/systems/InputSystem.ts": {"lines":{"total":67,"covered":59,"skipped":0,"pct":88.05},"functions":{"total":22,"covered":18,"skipped":0,"pct":81.81},"statements":{"total":74,"covered":63,"skipped":0,"pct":85.13},"branches":{"total":31,"covered":23,"skipped":0,"pct":74.19}}
,"/app/src/game/systems/MovementSystem.ts": {"lines":{"total":19,"covered":18,"skipped":0,"pct":94.73},"functions":{"total":5,"covered":5,"skipped":0,"pct":100},"statements":{"total":19,"covered":18,"skipped":0,"pct":94.73},"branches":{"total":8,"covered":6,"skipped":0,"pct":75}}
,"/app/src/game/systems/TTLSystem.ts": {"lines":{"total":13,"covered":13,"skipped":0,"pct":100},"functions":{"total":7,"covered":7,"skipped":0,"pct":100},"statements":{"total":13,"covered":13,"skipped":0,"pct":100},"branches":{"total":4,"covered":2,"skipped":0,"pct":50}}
,"/app/src/types/GameTypes.ts": {"lines":{"total":2,"covered":2,"skipped":0,"pct":100},"functions":{"total":0,"covered":0,"skipped":0,"pct":100},"statements":{"total":2,"covered":2,"skipped":0,"pct":100},"branches":{"total":0,"covered":0,"skipped":0,"pct":100}}
,"/app/src/utils/haptics.ts": {"lines":{"total":6,"covered":4,"skipped":0,"pct":66.66},"functions":{"total":3,"covered":2,"skipped":0,"pct":66.66},"statements":{"total":9,"covered":4,"skipped":0,"pct":44.44},"branches":{"total":6,"covered":2,"skipped":0,"pct":33.33}}
}
