{"/app/src/game/AsteroidsGame.ts": {"path":"/app/src/game/AsteroidsGame.ts","statementMap":{"0":{"start":{"line":27,"column":18},"end":{"line":27,"column":29}},"1":{"start":{"line":33,"column":4},"end":{"line":33,"column":21}},"2":{"start":{"line":36,"column":4},"end":{"line":36,"column":16}},"3":{"start":{"line":39,"column":4},"end":{"line":39,"column":16}},"4":{"start":{"line":42,"column":4},"end":{"line":42,"column":29}},"5":{"start":{"line":45,"column":4},"end":{"line":45,"column":14}},"6":{"start":{"line":48,"column":4},"end":{"line":48,"column":17}},"7":{"start":{"line":49,"column":4},"end":{"line":49,"column":19}},"8":{"start":{"line":58,"column":22},"end":{"line":63,"column":3}},"9":{"start":{"line":64,"column":22},"end":{"line":64,"column":47}},"10":{"start":{"line":65,"column":34},"end":{"line":65,"column":83}},"11":{"start":{"line":65,"column":56},"end":{"line":65,"column":83}},"12":{"start":{"line":68,"column":4},"end":{"line":68,"column":29}},"13":{"start":{"line":69,"column":4},"end":{"line":69,"column":24}},"14":{"start":{"line":70,"column":4},"end":{"line":70,"column":26}},"15":{"start":{"line":71,"column":4},"end":{"line":71,"column":43}},"16":{"start":{"line":77,"column":4},"end":{"line":77,"column":40}},"17":{"start":{"line":77,"column":34},"end":{"line":77,"column":40}},"18":{"start":{"line":79,"column":16},"end":{"line":79,"column":33}},"19":{"start":{"line":80,"column":4},"end":{"line":80,"column":36}},"20":{"start":{"line":81,"column":4},"end":{"line":81,"column":36}},"21":{"start":{"line":82,"column":4},"end":{"line":82,"column":34}},"22":{"start":{"line":83,"column":4},"end":{"line":83,"column":20}},"23":{"start":{"line":87,"column":4},"end":{"line":90,"column":5}},"24":{"start":{"line":88,"column":6},"end":{"line":88,"column":54}},"25":{"start":{"line":89,"column":6},"end":{"line":89,"column":44}},"26":{"start":{"line":91,"column":4},"end":{"line":91,"column":37}},"27":{"start":{"line":92,"column":4},"end":{"line":92,"column":36}},"28":{"start":{"line":96,"column":4},"end":{"line":99,"column":5}},"29":{"start":{"line":97,"column":6},"end":{"line":97,"column":37}},"30":{"start":{"line":98,"column":6},"end":{"line":98,"column":40}},"31":{"start":{"line":103,"column":22},"end":{"line":103,"column":73}},"32":{"start":{"line":104,"column":4},"end":{"line":108,"column":5}},"33":{"start":{"line":105,"column":6},"end":{"line":105,"column":38}},"34":{"start":{"line":106,"column":6},"end":{"line":106,"column":50}},"35":{"start":{"line":107,"column":6},"end":{"line":107,"column":41}},"36":{"start":{"line":112,"column":4},"end":{"line":112,"column":26}},"37":{"start":{"line":113,"column":4},"end":{"line":113,"column":26}},"38":{"start":{"line":114,"column":4},"end":{"line":114,"column":26}},"39":{"start":{"line":115,"column":4},"end":{"line":115,"column":41}},"40":{"start":{"line":119,"column":4},"end":{"line":119,"column":34}},"41":{"start":{"line":123,"column":4},"end":{"line":123,"column":44}},"42":{"start":{"line":127,"column":4},"end":{"line":127,"column":35}},"43":{"start":{"line":131,"column":28},"end":{"line":131,"column":74}},"44":{"start":{"line":132,"column":4},"end":{"line":134,"column":5}},"45":{"start":{"line":133,"column":6},"end":{"line":133,"column":39}},"46":{"start":{"line":138,"column":4},"end":{"line":138,"column":22}},"47":{"start":{"line":142,"column":4},"end":{"line":142,"column":33}},"48":{"start":{"line":143,"column":24},"end":{"line":145,"column":5}},"49":{"start":{"line":144,"column":6},"end":{"line":144,"column":38}},"50":{"start":{"line":146,"column":4},"end":{"line":146,"column":23}},"51":{"start":{"line":150,"column":4},"end":{"line":150,"column":16}},"52":{"start":{"line":151,"column":4},"end":{"line":151,"column":31}},"53":{"start":{"line":152,"column":4},"end":{"line":152,"column":45}},"54":{"start":{"line":153,"column":4},"end":{"line":153,"column":27}},"55":{"start":{"line":159,"column":4},"end":{"line":159,"column":23}},"56":{"start":{"line":160,"column":4},"end":{"line":160,"column":46}},"57":{"start":{"line":164,"column":4},"end":{"line":166,"column":5}},"58":{"start":{"line":165,"column":6},"end":{"line":165,"column":19}},"59":{"start":{"line":170,"column":4},"end":{"line":170,"column":48}},"60":{"start":{"line":171,"column":4},"end":{"line":171,"column":27}},"61":{"start":{"line":175,"column":4},"end":{"line":175,"column":25}},"62":{"start":{"line":176,"column":4},"end":{"line":176,"column":27}},"63":{"start":{"line":180,"column":4},"end":{"line":180,"column":41}},"64":{"start":{"line":181,"column":4},"end":{"line":181,"column":53}},"65":{"start":{"line":185,"column":4},"end":{"line":185,"column":43}},"66":{"start":{"line":186,"column":4},"end":{"line":186,"column":47}},"67":{"start":{"line":187,"column":4},"end":{"line":187,"column":48}},"68":{"start":{"line":188,"column":4},"end":{"line":188,"column":42}},"69":{"start":{"line":189,"column":4},"end":{"line":189,"column":47}},"70":{"start":{"line":193,"column":4},"end":{"line":193,"column":21}},"71":{"start":{"line":194,"column":4},"end":{"line":194,"column":26}},"72":{"start":{"line":195,"column":4},"end":{"line":195,"column":26}},"73":{"start":{"line":199,"column":4},"end":{"line":199,"column":88}},"74":{"start":{"line":203,"column":14},"end":{"line":203,"column":41}},"75":{"start":{"line":204,"column":14},"end":{"line":204,"column":41}},"76":{"start":{"line":205,"column":4},"end":{"line":205,"column":44}},"77":{"start":{"line":209,"column":4},"end":{"line":209,"column":42}},"78":{"start":{"line":213,"column":4},"end":{"line":215,"column":7}},"79":{"start":{"line":214,"column":6},"end":{"line":214,"column":21}},"80":{"start":{"line":218,"column":21},"end":{"line":225,"column":3}},"81":{"start":{"line":219,"column":4},"end":{"line":219,"column":42}},"82":{"start":{"line":219,"column":35},"end":{"line":219,"column":42}},"83":{"start":{"line":221,"column":22},"end":{"line":221,"column":47}},"84":{"start":{"line":222,"column":4},"end":{"line":222,"column":36}},"85":{"start":{"line":224,"column":4},"end":{"line":224,"column":69}},"86":{"start":{"line":228,"column":24},"end":{"line":228,"column":41}},"87":{"start":{"line":229,"column":25},"end":{"line":229,"column":62}},"88":{"start":{"line":230,"column":4},"end":{"line":230,"column":42}},"89":{"start":{"line":232,"column":4},"end":{"line":232,"column":62}},"90":{"start":{"line":236,"column":4},"end":{"line":236,"column":32}},"91":{"start":{"line":237,"column":4},"end":{"line":237,"column":27}},"92":{"start":{"line":241,"column":4},"end":{"line":243,"column":5}},"93":{"start":{"line":242,"column":6},"end":{"line":242,"column":35}},"94":{"start":{"line":247,"column":22},"end":{"line":247,"column":100}},"95":{"start":{"line":248,"column":4},"end":{"line":248,"column":27}},"96":{"start":{"line":248,"column":20},"end":{"line":248,"column":27}},"97":{"start":{"line":250,"column":4},"end":{"line":250,"column":67}},"98":{"start":{"line":254,"column":22},"end":{"line":254,"column":103}},"99":{"start":{"line":255,"column":4},"end":{"line":255,"column":27}},"100":{"start":{"line":255,"column":20},"end":{"line":255,"column":27}},"101":{"start":{"line":257,"column":4},"end":{"line":257,"column":70}},"102":{"start":{"line":261,"column":50},"end":{"line":264,"column":5}},"103":{"start":{"line":262,"column":38},"end":{"line":262,"column":56}},"104":{"start":{"line":263,"column":40},"end":{"line":263,"column":54}},"105":{"start":{"line":266,"column":19},"end":{"line":266,"column":36}},"106":{"start":{"line":267,"column":4},"end":{"line":269,"column":5}},"107":{"start":{"line":268,"column":6},"end":{"line":268,"column":15}},"108":{"start":{"line":273,"column":4},"end":{"line":277,"column":5}},"109":{"start":{"line":274,"column":6},"end":{"line":274,"column":20}},"110":{"start":{"line":276,"column":6},"end":{"line":276,"column":19}}},"fnMap":{"0":{"name":"(anonymous_0)","decl":{"start":{"line":29,"column":2},"end":{"line":29,"column":3}},"loc":{"start":{"line":29,"column":23},"end":{"line":29,"column":25}},"line":29},"1":{"name":"(anonymous_1)","decl":{"start":{"line":30,"column":2},"end":{"line":30,"column":3}},"loc":{"start":{"line":30,"column":24},"end":{"line":30,"column":26}},"line":30},"2":{"name":"(anonymous_2)","decl":{"start":{"line":31,"column":2},"end":{"line":31,"column":3}},"loc":{"start":{"line":31,"column":25},"end":{"line":31,"column":27}},"line":31},"3":{"name":"(anonymous_3)","decl":{"start":{"line":32,"column":2},"end":{"line":32,"column":3}},"loc":{"start":{"line":32,"column":27},"end":{"line":34,"column":3}},"line":32},"4":{"name":"(anonymous_4)","decl":{"start":{"line":35,"column":2},"end":{"line":35,"column":3}},"loc":{"start":{"line":35,"column":34},"end":{"line":37,"column":3}},"line":35},"5":{"name":"(anonymous_5)","decl":{"start":{"line":38,"column":2},"end":{"line":38,"column":3}},"loc":{"start":{"line":38,"column":31},"end":{"line":40,"column":3}},"line":38},"6":{"name":"(anonymous_6)","decl":{"start":{"line":41,"column":2},"end":{"line":41,"column":3}},"loc":{"start":{"line":41,"column":44},"end":{"line":43,"column":3}},"line":41},"7":{"name":"(anonymous_7)","decl":{"start":{"line":44,"column":2},"end":{"line":44,"column":3}},"loc":{"start":{"line":44,"column":52},"end":{"line":46,"column":3}},"line":44},"8":{"name":"(anonymous_8)","decl":{"start":{"line":47,"column":2},"end":{"line":47,"column":3}},"loc":{"start":{"line":47,"column":57},"end":{"line":50,"column":3}},"line":47},"9":{"name":"(anonymous_9)","decl":{"start":{"line":49,"column":11},"end":{"line":49,"column":12}},"loc":{"start":{"line":49,"column":17},"end":{"line":49,"column":19}},"line":49},"10":{"name":"(anonymous_10)","decl":{"start":{"line":51,"column":2},"end":{"line":51,"column":3}},"loc":{"start":{"line":51,"column":25},"end":{"line":51,"column":27}},"line":51},"11":{"name":"(anonymous_11)","decl":{"start":{"line":65,"column":34},"end":{"line":65,"column":35}},"loc":{"start":{"line":65,"column":56},"end":{"line":65,"column":83}},"line":65},"12":{"name":"(anonymous_12)","decl":{"start":{"line":67,"column":2},"end":{"line":67,"column":3}},"loc":{"start":{"line":67,"column":16},"end":{"line":72,"column":3}},"line":67},"13":{"name":"(anonymous_13)","decl":{"start":{"line":76,"column":2},"end":{"line":76,"column":3}},"loc":{"start":{"line":76,"column":23},"end":{"line":84,"column":3}},"line":76},"14":{"name":"(anonymous_14)","decl":{"start":{"line":86,"column":2},"end":{"line":86,"column":3}},"loc":{"start":{"line":86,"column":22},"end":{"line":93,"column":3}},"line":86},"15":{"name":"(anonymous_15)","decl":{"start":{"line":95,"column":2},"end":{"line":95,"column":3}},"loc":{"start":{"line":95,"column":23},"end":{"line":100,"column":3}},"line":95},"16":{"name":"(anonymous_16)","decl":{"start":{"line":102,"column":2},"end":{"line":102,"column":3}},"loc":{"start":{"line":102,"column":24},"end":{"line":109,"column":3}},"line":102},"17":{"name":"(anonymous_17)","decl":{"start":{"line":111,"column":2},"end":{"line":111,"column":3}},"loc":{"start":{"line":111,"column":25},"end":{"line":116,"column":3}},"line":111},"18":{"name":"(anonymous_18)","decl":{"start":{"line":118,"column":2},"end":{"line":118,"column":3}},"loc":{"start":{"line":118,"column":34},"end":{"line":120,"column":3}},"line":118},"19":{"name":"(anonymous_19)","decl":{"start":{"line":122,"column":2},"end":{"line":122,"column":3}},"loc":{"start":{"line":122,"column":31},"end":{"line":124,"column":3}},"line":122},"20":{"name":"(anonymous_20)","decl":{"start":{"line":126,"column":2},"end":{"line":126,"column":3}},"loc":{"start":{"line":126,"column":44},"end":{"line":128,"column":3}},"line":126},"21":{"name":"(anonymous_21)","decl":{"start":{"line":130,"column":2},"end":{"line":130,"column":3}},"loc":{"start":{"line":130,"column":52},"end":{"line":135,"column":3}},"line":130},"22":{"name":"(anonymous_22)","decl":{"start":{"line":137,"column":2},"end":{"line":137,"column":3}},"loc":{"start":{"line":137,"column":27},"end":{"line":139,"column":3}},"line":137},"23":{"name":"(anonymous_23)","decl":{"start":{"line":141,"column":2},"end":{"line":141,"column":3}},"loc":{"start":{"line":141,"column":57},"end":{"line":147,"column":3}},"line":141},"24":{"name":"(anonymous_24)","decl":{"start":{"line":143,"column":24},"end":{"line":143,"column":25}},"loc":{"start":{"line":143,"column":30},"end":{"line":145,"column":5}},"line":143},"25":{"name":"(anonymous_25)","decl":{"start":{"line":149,"column":2},"end":{"line":149,"column":3}},"loc":{"start":{"line":149,"column":25},"end":{"line":154,"column":3}},"line":149},"26":{"name":"(anonymous_26)","decl":{"start":{"line":158,"column":2},"end":{"line":158,"column":3}},"loc":{"start":{"line":158,"column":33},"end":{"line":161,"column":3}},"line":158},"27":{"name":"(anonymous_27)","decl":{"start":{"line":163,"column":2},"end":{"line":163,"column":3}},"loc":{"start":{"line":163,"column":33},"end":{"line":167,"column":3}},"line":163},"28":{"name":"(anonymous_28)","decl":{"start":{"line":169,"column":2},"end":{"line":169,"column":3}},"loc":{"start":{"line":169,"column":51},"end":{"line":172,"column":3}},"line":169},"29":{"name":"(anonymous_29)","decl":{"start":{"line":174,"column":2},"end":{"line":174,"column":3}},"loc":{"start":{"line":174,"column":31},"end":{"line":177,"column":3}},"line":174},"30":{"name":"(anonymous_30)","decl":{"start":{"line":179,"column":2},"end":{"line":179,"column":3}},"loc":{"start":{"line":179,"column":32},"end":{"line":182,"column":3}},"line":179},"31":{"name":"(anonymous_31)","decl":{"start":{"line":184,"column":2},"end":{"line":184,"column":3}},"loc":{"start":{"line":184,"column":34},"end":{"line":190,"column":3}},"line":184},"32":{"name":"(anonymous_32)","decl":{"start":{"line":192,"column":2},"end":{"line":192,"column":3}},"loc":{"start":{"line":192,"column":33},"end":{"line":196,"column":3}},"line":192},"33":{"name":"(anonymous_33)","decl":{"start":{"line":198,"column":2},"end":{"line":198,"column":3}},"loc":{"start":{"line":198,"column":33},"end":{"line":200,"column":3}},"line":198},"34":{"name":"(anonymous_34)","decl":{"start":{"line":202,"column":2},"end":{"line":202,"column":3}},"loc":{"start":{"line":202,"column":28},"end":{"line":206,"column":3}},"line":202},"35":{"name":"(anonymous_35)","decl":{"start":{"line":208,"column":2},"end":{"line":208,"column":3}},"loc":{"start":{"line":208,"column":33},"end":{"line":210,"column":3}},"line":208},"36":{"name":"(anonymous_36)","decl":{"start":{"line":212,"column":2},"end":{"line":212,"column":3}},"loc":{"start":{"line":212,"column":34},"end":{"line":216,"column":3}},"line":212},"37":{"name":"(anonymous_37)","decl":{"start":{"line":213,"column":27},"end":{"line":213,"column":28}},"loc":{"start":{"line":213,"column":39},"end":{"line":215,"column":5}},"line":213},"38":{"name":"(anonymous_38)","decl":{"start":{"line":218,"column":21},"end":{"line":218,"column":22}},"loc":{"start":{"line":218,"column":33},"end":{"line":225,"column":3}},"line":218},"39":{"name":"(anonymous_39)","decl":{"start":{"line":227,"column":2},"end":{"line":227,"column":3}},"loc":{"start":{"line":227,"column":39},"end":{"line":233,"column":3}},"line":227},"40":{"name":"(anonymous_40)","decl":{"start":{"line":235,"column":2},"end":{"line":235,"column":3}},"loc":{"start":{"line":235,"column":51},"end":{"line":238,"column":3}},"line":235},"41":{"name":"(anonymous_41)","decl":{"start":{"line":240,"column":2},"end":{"line":240,"column":3}},"loc":{"start":{"line":240,"column":47},"end":{"line":244,"column":3}},"line":240},"42":{"name":"(anonymous_42)","decl":{"start":{"line":246,"column":2},"end":{"line":246,"column":3}},"loc":{"start":{"line":246,"column":50},"end":{"line":251,"column":3}},"line":246},"43":{"name":"(anonymous_43)","decl":{"start":{"line":253,"column":2},"end":{"line":253,"column":3}},"loc":{"start":{"line":253,"column":52},"end":{"line":258,"column":3}},"line":253},"44":{"name":"(anonymous_44)","decl":{"start":{"line":260,"column":2},"end":{"line":260,"column":3}},"loc":{"start":{"line":260,"column":54},"end":{"line":270,"column":3}},"line":260},"45":{"name":"(anonymous_45)","decl":{"start":{"line":262,"column":32},"end":{"line":262,"column":33}},"loc":{"start":{"line":262,"column":38},"end":{"line":262,"column":56}},"line":262},"46":{"name":"(anonymous_46)","decl":{"start":{"line":263,"column":34},"end":{"line":263,"column":35}},"loc":{"start":{"line":263,"column":40},"end":{"line":263,"column":54}},"line":263},"47":{"name":"(anonymous_47)","decl":{"start":{"line":272,"column":2},"end":{"line":272,"column":3}},"loc":{"start":{"line":272,"column":30},"end":{"line":278,"column":3}},"line":272}},"branchMap":{"0":{"loc":{"start":{"line":77,"column":4},"end":{"line":77,"column":40}},"type":"if","locations":[{"start":{"line":77,"column":4},"end":{"line":77,"column":40}},{"start":{},"end":{}}],"line":77},"1":{"loc":{"start":{"line":87,"column":4},"end":{"line":90,"column":5}},"type":"if","locations":[{"start":{"line":87,"column":4},"end":{"line":90,"column":5}},{"start":{},"end":{}}],"line":87},"2":{"loc":{"start":{"line":96,"column":4},"end":{"line":99,"column":5}},"type":"if","locations":[{"start":{"line":96,"column":4},"end":{"line":99,"column":5}},{"start":{},"end":{}}],"line":96},"3":{"loc":{"start":{"line":96,"column":8},"end":{"line":96,"column":60}},"type":"binary-expr","locations":[{"start":{"line":96,"column":8},"end":{"line":96,"column":32}},{"start":{"line":96,"column":36},"end":{"line":96,"column":60}}],"line":96},"4":{"loc":{"start":{"line":103,"column":22},"end":{"line":103,"column":73}},"type":"binary-expr","locations":[{"start":{"line":103,"column":22},"end":{"line":103,"column":45}},{"start":{"line":103,"column":49},"end":{"line":103,"column":73}}],"line":103},"5":{"loc":{"start":{"line":104,"column":4},"end":{"line":108,"column":5}},"type":"if","locations":[{"start":{"line":104,"column":4},"end":{"line":108,"column":5}},{"start":{},"end":{}}],"line":104},"6":{"loc":{"start":{"line":131,"column":28},"end":{"line":131,"column":74}},"type":"binary-expr","locations":[{"start":{"line":131,"column":28},"end":{"line":131,"column":52}},{"start":{"line":131,"column":56},"end":{"line":131,"column":74}}],"line":131},"7":{"loc":{"start":{"line":132,"column":4},"end":{"line":134,"column":5}},"type":"if","locations":[{"start":{"line":132,"column":4},"end":{"line":134,"column":5}},{"start":{},"end":{}}],"line":132},"8":{"loc":{"start":{"line":164,"column":4},"end":{"line":166,"column":5}},"type":"if","locations":[{"start":{"line":164,"column":4},"end":{"line":166,"column":5}},{"start":{},"end":{}}],"line":164},"9":{"loc":{"start":{"line":219,"column":4},"end":{"line":219,"column":42}},"type":"if","locations":[{"start":{"line":219,"column":4},"end":{"line":219,"column":42}},{"start":{},"end":{}}],"line":219},"10":{"loc":{"start":{"line":241,"column":4},"end":{"line":243,"column":5}},"type":"if","locations":[{"start":{"line":241,"column":4},"end":{"line":243,"column":5}},{"start":{},"end":{}}],"line":241},"11":{"loc":{"start":{"line":247,"column":22},"end":{"line":247,"column":100}},"type":"binary-expr","locations":[{"start":{"line":247,"column":22},"end":{"line":247,"column":51}},{"start":{"line":247,"column":55},"end":{"line":247,"column":100}}],"line":247},"12":{"loc":{"start":{"line":248,"column":4},"end":{"line":248,"column":27}},"type":"if","locations":[{"start":{"line":248,"column":4},"end":{"line":248,"column":27}},{"start":{},"end":{}}],"line":248},"13":{"loc":{"start":{"line":254,"column":22},"end":{"line":254,"column":103}},"type":"binary-expr","locations":[{"start":{"line":254,"column":22},"end":{"line":254,"column":51}},{"start":{"line":254,"column":55},"end":{"line":254,"column":103}}],"line":254},"14":{"loc":{"start":{"line":255,"column":4},"end":{"line":255,"column":27}},"type":"if","locations":[{"start":{"line":255,"column":4},"end":{"line":255,"column":27}},{"start":{},"end":{}}],"line":255},"15":{"loc":{"start":{"line":267,"column":4},"end":{"line":269,"column":5}},"type":"if","locations":[{"start":{"line":267,"column":4},"end":{"line":269,"column":5}},{"start":{},"end":{}}],"line":267},"16":{"loc":{"start":{"line":273,"column":4},"end":{"line":277,"column":5}},"type":"if","locations":[{"start":{"line":273,"column":4},"end":{"line":277,"column":5}},{"start":{"line":275,"column":11},"end":{"line":277,"column":5}}],"line":273}},"s":{"0":2,"1":1,"2":1,"3":1,"4":1,"5":0,"6":1,"7":1,"8":8,"9":8,"10":8,"11":0,"12":8,"13":8,"14":8,"15":8,"16":3,"17":0,"18":3,"19":3,"20":3,"21":3,"22":3,"23":9,"24":0,"25":0,"26":9,"27":9,"28":2,"29":2,"30":2,"31":1,"32":1,"33":1,"34":1,"35":1,"36":1,"37":1,"38":1,"39":1,"40":3,"41":1,"42":3,"43":0,"44":0,"45":0,"46":1,"47":1,"48":1,"49":0,"50":1,"51":9,"52":9,"53":9,"54":9,"55":1,"56":1,"57":1,"58":0,"59":4,"60":4,"61":8,"62":8,"63":8,"64":8,"65":8,"66":8,"67":8,"68":8,"69":8,"70":9,"71":9,"72":9,"73":9,"74":9,"75":9,"76":9,"77":9,"78":7,"79":2,"80":8,"81":3,"82":0,"83":3,"84":3,"85":3,"86":3,"87":3,"88":3,"89":3,"90":3,"91":3,"92":3,"93":3,"94":8,"95":8,"96":8,"97":0,"98":9,"99":9,"100":9,"101":0,"102":0,"103":0,"104":0,"105":0,"106":0,"107":0,"108":0,"109":0,"110":0},"f":{"0":0,"1":0,"2":0,"3":1,"4":1,"5":1,"6":1,"7":0,"8":1,"9":1,"10":0,"11":0,"12":8,"13":3,"14":9,"15":2,"16":1,"17":1,"18":3,"19":1,"20":3,"21":0,"22":1,"23":1,"24":0,"25":9,"26":1,"27":1,"28":4,"29":8,"30":8,"31":8,"32":9,"33":9,"34":9,"35":9,"36":7,"37":2,"38":3,"39":3,"40":3,"41":3,"42":8,"43":9,"44":0,"45":0,"46":0,"47":0},"b":{"0":[0,3],"1":[0,9],"2":[2,0],"3":[2,2],"4":[1,1],"5":[1,0],"6":[0,0],"7":[0,0],"8":[0,1],"9":[0,3],"10":[3,0],"11":[8,8],"12":[8,0],"13":[9,9],"14":[9,0],"15":[0,0],"16":[0,0]},"_coverageSchema":"1a1c01bbd47fc00a2c39e90264f33305004495a9","hash":"f17a61257b50dfe6031c78721398fe89ec195940"}
,"/app/src/game/EntityFactory.ts": {"path":"/app/src/game/EntityFactory.ts","statementMap":{"0":{"start":{"line":53,"column":26},"end":{"line":53,"column":33}},"1":{"start":{"line":54,"column":15},"end":{"line":54,"column":35}},"2":{"start":{"line":56,"column":2},"end":{"line":56,"column":50}},"3":{"start":{"line":57,"column":2},"end":{"line":57,"column":42}},"4":{"start":{"line":59,"column":2},"end":{"line":59,"column":13}},"5":{"start":{"line":68,"column":32},"end":{"line":68,"column":38}},"6":{"start":{"line":69,"column":2},"end":{"line":69,"column":54}},"7":{"start":{"line":70,"column":2},"end":{"line":70,"column":62}},"8":{"start":{"line":71,"column":2},"end":{"line":77,"column":4}},"9":{"start":{"line":81,"column":2},"end":{"line":81,"column":31}},"10":{"start":{"line":82,"column":2},"end":{"line":82,"column":32}},"11":{"start":{"line":83,"column":2},"end":{"line":83,"column":31}},"12":{"start":{"line":87,"column":26},"end":{"line":87,"column":32}},"13":{"start":{"line":88,"column":2},"end":{"line":88,"column":44}},"14":{"start":{"line":89,"column":2},"end":{"line":89,"column":90}},"15":{"start":{"line":93,"column":26},"end":{"line":93,"column":32}},"16":{"start":{"line":94,"column":23},"end":{"line":94,"column":53}},"17":{"start":{"line":95,"column":2},"end":{"line":100,"column":4}},"18":{"start":{"line":104,"column":26},"end":{"line":104,"column":32}},"19":{"start":{"line":105,"column":2},"end":{"line":112,"column":4}},"20":{"start":{"line":122,"column":32},"end":{"line":122,"column":39}},"21":{"start":{"line":123,"column":19},"end":{"line":123,"column":39}},"22":{"start":{"line":125,"column":2},"end":{"line":125,"column":58}},"23":{"start":{"line":126,"column":2},"end":{"line":126,"column":54}},"24":{"start":{"line":128,"column":2},"end":{"line":128,"column":17}},"25":{"start":{"line":137,"column":36},"end":{"line":137,"column":42}},"26":{"start":{"line":138,"column":2},"end":{"line":138,"column":58}},"27":{"start":{"line":139,"column":2},"end":{"line":143,"column":4}},"28":{"start":{"line":151,"column":36},"end":{"line":151,"column":42}},"29":{"start":{"line":152,"column":17},"end":{"line":152,"column":49}},"30":{"start":{"line":153,"column":2},"end":{"line":159,"column":4}},"31":{"start":{"line":160,"column":2},"end":{"line":160,"column":60}},"32":{"start":{"line":161,"column":2},"end":{"line":161,"column":58}},"33":{"start":{"line":171,"column":33},"end":{"line":171,"column":40}},"34":{"start":{"line":172,"column":17},"end":{"line":172,"column":37}},"35":{"start":{"line":174,"column":2},"end":{"line":174,"column":61}},"36":{"start":{"line":175,"column":2},"end":{"line":175,"column":49}},"37":{"start":{"line":177,"column":2},"end":{"line":177,"column":15}},"38":{"start":{"line":187,"column":41},"end":{"line":187,"column":47}},"39":{"start":{"line":188,"column":16},"end":{"line":188,"column":40}},"40":{"start":{"line":189,"column":2},"end":{"line":189,"column":56}},"41":{"start":{"line":190,"column":2},"end":{"line":194,"column":4}},"42":{"start":{"line":198,"column":28},"end":{"line":198,"column":34}},"43":{"start":{"line":199,"column":14},"end":{"line":199,"column":36}},"44":{"start":{"line":200,"column":15},"end":{"line":200,"column":38}},"45":{"start":{"line":201,"column":2},"end":{"line":201,"column":102}},"46":{"start":{"line":202,"column":2},"end":{"line":202,"column":64}},"47":{"start":{"line":203,"column":2},"end":{"line":203,"column":61}},"48":{"start":{"line":204,"column":2},"end":{"line":204,"column":48}},"49":{"start":{"line":214,"column":20},"end":{"line":214,"column":26}},"50":{"start":{"line":215,"column":20},"end":{"line":215,"column":40}},"51":{"start":{"line":216,"column":2},"end":{"line":223,"column":4}},"52":{"start":{"line":224,"column":2},"end":{"line":224,"column":18}},"53":{"start":{"line":233,"column":27},"end":{"line":233,"column":33}},"54":{"start":{"line":234,"column":18},"end":{"line":234,"column":45}},"55":{"start":{"line":235,"column":18},"end":{"line":235,"column":45}},"56":{"start":{"line":236,"column":19},"end":{"line":236,"column":50}},"57":{"start":{"line":238,"column":2},"end":{"line":243,"column":3}},"58":{"start":{"line":238,"column":15},"end":{"line":238,"column":16}},"59":{"start":{"line":239,"column":18},"end":{"line":239,"column":43}},"60":{"start":{"line":240,"column":14},"end":{"line":240,"column":50}},"61":{"start":{"line":241,"column":14},"end":{"line":241,"column":50}},"62":{"start":{"line":242,"column":4},"end":{"line":242,"column":50}},"63":{"start":{"line":253,"column":52},"end":{"line":253,"column":59}},"64":{"start":{"line":254,"column":19},"end":{"line":254,"column":39}},"65":{"start":{"line":256,"column":2},"end":{"line":256,"column":58}},"66":{"start":{"line":257,"column":2},"end":{"line":257,"column":60}},"67":{"start":{"line":258,"column":2},"end":{"line":264,"column":4}},"68":{"start":{"line":265,"column":2},"end":{"line":265,"column":63}},"69":{"start":{"line":267,"column":2},"end":{"line":267,"column":17}}},"fnMap":{"0":{"name":"createShip","decl":{"start":{"line":52,"column":16},"end":{"line":52,"column":26}},"loc":{"start":{"line":52,"column":62},"end":{"line":60,"column":1}},"line":52},"1":{"name":"addShipMovementComponents","decl":{"start":{"line":62,"column":9},"end":{"line":62,"column":34}},"loc":{"start":{"line":67,"column":9},"end":{"line":78,"column":1}},"line":67},"2":{"name":"addShipCombatComponents","decl":{"start":{"line":80,"column":9},"end":{"line":80,"column":32}},"loc":{"start":{"line":80,"column":79},"end":{"line":84,"column":1}},"line":80},"3":{"name":"addShipMetaComponents","decl":{"start":{"line":86,"column":9},"end":{"line":86,"column":30}},"loc":{"start":{"line":86,"column":77},"end":{"line":90,"column":1}},"line":86},"4":{"name":"addShipHealthComponent","decl":{"start":{"line":92,"column":9},"end":{"line":92,"column":31}},"loc":{"start":{"line":92,"column":78},"end":{"line":101,"column":1}},"line":92},"5":{"name":"addShipInputComponent","decl":{"start":{"line":103,"column":9},"end":{"line":103,"column":30}},"loc":{"start":{"line":103,"column":77},"end":{"line":113,"column":1}},"line":103},"6":{"name":"createAsteroid","decl":{"start":{"line":121,"column":16},"end":{"line":121,"column":30}},"loc":{"start":{"line":121,"column":70},"end":{"line":129,"column":1}},"line":121},"7":{"name":"addAsteroidMovementComponents","decl":{"start":{"line":131,"column":9},"end":{"line":131,"column":38}},"loc":{"start":{"line":136,"column":9},"end":{"line":144,"column":1}},"line":136},"8":{"name":"addAsteroidTypeComponents","decl":{"start":{"line":146,"column":9},"end":{"line":146,"column":34}},"loc":{"start":{"line":150,"column":9},"end":{"line":162,"column":1}},"line":150},"9":{"name":"createBullet","decl":{"start":{"line":170,"column":16},"end":{"line":170,"column":28}},"loc":{"start":{"line":170,"column":66},"end":{"line":178,"column":1}},"line":170},"10":{"name":"addBulletMovementComponents","decl":{"start":{"line":180,"column":9},"end":{"line":180,"column":36}},"loc":{"start":{"line":186,"column":9},"end":{"line":195,"column":1}},"line":186},"11":{"name":"addBulletLifeCycleComponents","decl":{"start":{"line":197,"column":9},"end":{"line":197,"column":37}},"loc":{"start":{"line":197,"column":86},"end":{"line":205,"column":1}},"line":197},"12":{"name":"createGameState","decl":{"start":{"line":213,"column":16},"end":{"line":213,"column":31}},"loc":{"start":{"line":213,"column":66},"end":{"line":225,"column":1}},"line":213},"13":{"name":"spawnAsteroidWave","decl":{"start":{"line":232,"column":16},"end":{"line":232,"column":33}},"loc":{"start":{"line":232,"column":81},"end":{"line":244,"column":1}},"line":232},"14":{"name":"createParticle","decl":{"start":{"line":252,"column":16},"end":{"line":252,"column":30}},"loc":{"start":{"line":252,"column":70},"end":{"line":268,"column":1}},"line":252}},"branchMap":{"0":{"loc":{"start":{"line":253,"column":38},"end":{"line":253,"column":47}},"type":"default-arg","locations":[{"start":{"line":253,"column":44},"end":{"line":253,"column":47}}],"line":253}},"s":{"0":12,"1":12,"2":12,"3":12,"4":12,"5":12,"6":12,"7":12,"8":12,"9":12,"10":12,"11":12,"12":12,"13":12,"14":12,"15":12,"16":12,"17":12,"18":12,"19":12,"20":70,"21":70,"22":70,"23":70,"24":70,"25":70,"26":70,"27":70,"28":70,"29":70,"30":70,"31":70,"32":70,"33":5,"34":5,"35":5,"36":5,"37":5,"38":5,"39":5,"40":5,"41":5,"42":5,"43":5,"44":5,"45":5,"46":5,"47":5,"48":5,"49":10,"50":10,"51":10,"52":10,"53":15,"54":15,"55":15,"56":15,"57":15,"58":15,"59":65,"60":65,"61":65,"62":65,"63":17,"64":17,"65":17,"66":17,"67":17,"68":17,"69":17},"f":{"0":12,"1":12,"2":12,"3":12,"4":12,"5":12,"6":70,"7":70,"8":70,"9":5,"10":5,"11":5,"12":10,"13":15,"14":17},"b":{"0":[1]},"_coverageSchema":"1a1c01bbd47fc00a2c39e90264f33305004495a9","hash":"8a8bed93bfc3538a1d46d001b1195db2587928b2"}
,"/app/src/game/GameUtils.ts": {"path":"/app/src/game/GameUtils.ts","statementMap":{"0":{"start":{"line":15,"column":28},"end":{"line":15,"column":52}},"1":{"start":{"line":16,"column":2},"end":{"line":18,"column":3}},"2":{"start":{"line":17,"column":4},"end":{"line":17,"column":29}},"3":{"start":{"line":19,"column":2},"end":{"line":19,"column":99}}},"fnMap":{"0":{"name":"getGameState","decl":{"start":{"line":14,"column":16},"end":{"line":14,"column":28}},"loc":{"start":{"line":14,"column":63},"end":{"line":20,"column":1}},"line":14}},"branchMap":{"0":{"loc":{"start":{"line":16,"column":2},"end":{"line":18,"column":3}},"type":"if","locations":[{"start":{"line":16,"column":2},"end":{"line":18,"column":3}},{"start":{},"end":{}}],"line":16},"1":{"loc":{"start":{"line":19,"column":9},"end":{"line":19,"column":99}},"type":"binary-expr","locations":[{"start":{"line":19,"column":9},"end":{"line":19,"column":77}},{"start":{"line":19,"column":81},"end":{"line":19,"column":99}}],"line":19}},"s":{"0":18,"1":18,"2":3,"3":15},"f":{"0":18},"b":{"0":[3,15],"1":[15,0]},"_coverageSchema":"1a1c01bbd47fc00a2c39e90264f33305004495a9","hash":"a267fb5d951c9abdd48104bbec1cd491af542106"}
,"/app/src/game/ecs-world.ts": {"path":"/app/src/game/ecs-world.ts","statementMap":{"0":{"start":{"line":44,"column":21},"end":{"line":44,"column":38}},"1":{"start":{"line":45,"column":23},"end":{"line":45,"column":71}},"2":{"start":{"line":46,"column":27},"end":{"line":46,"column":64}},"3":{"start":{"line":47,"column":30},"end":{"line":47,"column":32}},"4":{"start":{"line":48,"column":25},"end":{"line":48,"column":26}},"5":{"start":{"line":53,"column":19},"end":{"line":53,"column":20}},"6":{"start":{"line":61,"column":15},"end":{"line":61,"column":34}},"7":{"start":{"line":62,"column":4},"end":{"line":62,"column":25}},"8":{"start":{"line":63,"column":4},"end":{"line":63,"column":18}},"9":{"start":{"line":64,"column":4},"end":{"line":64,"column":13}},"10":{"start":{"line":75,"column":17},"end":{"line":75,"column":31}},"11":{"start":{"line":77,"column":4},"end":{"line":77,"column":37}},"12":{"start":{"line":79,"column":4},"end":{"line":79,"column":53}},"13":{"start":{"line":80,"column":4},"end":{"line":80,"column":46}},"14":{"start":{"line":81,"column":4},"end":{"line":81,"column":18}},"15":{"start":{"line":92,"column":4},"end":{"line":92,"column":54}},"16":{"start":{"line":103,"column":4},"end":{"line":103,"column":62}},"17":{"start":{"line":113,"column":25},"end":{"line":113,"column":50}},"18":{"start":{"line":114,"column":4},"end":{"line":117,"column":5}},"19":{"start":{"line":115,"column":6},"end":{"line":115,"column":51}},"20":{"start":{"line":116,"column":6},"end":{"line":116,"column":20}},"21":{"start":{"line":130,"column":4},"end":{"line":130,"column":46}},"22":{"start":{"line":130,"column":37},"end":{"line":130,"column":46}},"23":{"start":{"line":132,"column":24},"end":{"line":132,"column":59}},"24":{"start":{"line":133,"column":23},"end":{"line":133,"column":62}},"25":{"start":{"line":135,"column":4},"end":{"line":137,"column":5}},"26":{"start":{"line":136,"column":6},"end":{"line":136,"column":15}},"27":{"start":{"line":139,"column":4},"end":{"line":139,"column":68}},"28":{"start":{"line":148,"column":4},"end":{"line":152,"column":6}},"29":{"start":{"line":149,"column":6},"end":{"line":151,"column":7}},"30":{"start":{"line":150,"column":8},"end":{"line":150,"column":53}},"31":{"start":{"line":154,"column":4},"end":{"line":156,"column":5}},"32":{"start":{"line":155,"column":6},"end":{"line":155,"column":20}},"33":{"start":{"line":164,"column":4},"end":{"line":164,"column":25}},"34":{"start":{"line":165,"column":4},"end":{"line":165,"column":27}},"35":{"start":{"line":166,"column":4},"end":{"line":166,"column":31}},"36":{"start":{"line":167,"column":4},"end":{"line":167,"column":18}},"37":{"start":{"line":176,"column":4},"end":{"line":176,"column":29}},"38":{"start":{"line":185,"column":4},"end":{"line":185,"column":68}},"39":{"start":{"line":185,"column":37},"end":{"line":185,"column":67}},"40":{"start":{"line":194,"column":4},"end":{"line":194,"column":36}},"41":{"start":{"line":198,"column":4},"end":{"line":200,"column":5}},"42":{"start":{"line":199,"column":6},"end":{"line":199,"column":71}},"43":{"start":{"line":199,"column":28},"end":{"line":199,"column":70}},"44":{"start":{"line":204,"column":4},"end":{"line":208,"column":6}},"45":{"start":{"line":205,"column":21},"end":{"line":205,"column":58}},"46":{"start":{"line":206,"column":21},"end":{"line":206,"column":58}},"47":{"start":{"line":207,"column":6},"end":{"line":207,"column":28}},"48":{"start":{"line":212,"column":4},"end":{"line":215,"column":5}},"49":{"start":{"line":213,"column":6},"end":{"line":213,"column":42}},"50":{"start":{"line":214,"column":6},"end":{"line":214,"column":46}}},"fnMap":{"0":{"name":"(anonymous_0)","decl":{"start":{"line":60,"column":2},"end":{"line":60,"column":3}},"loc":{"start":{"line":60,"column":25},"end":{"line":65,"column":3}},"line":60},"1":{"name":"(anonymous_1)","decl":{"start":{"line":74,"column":2},"end":{"line":74,"column":3}},"loc":{"start":{"line":74,"column":72},"end":{"line":82,"column":3}},"line":74},"2":{"name":"(anonymous_2)","decl":{"start":{"line":91,"column":2},"end":{"line":91,"column":3}},"loc":{"start":{"line":91,"column":88},"end":{"line":93,"column":3}},"line":91},"3":{"name":"(anonymous_3)","decl":{"start":{"line":102,"column":2},"end":{"line":102,"column":3}},"loc":{"start":{"line":102,"column":61},"end":{"line":104,"column":3}},"line":102},"4":{"name":"(anonymous_4)","decl":{"start":{"line":112,"column":2},"end":{"line":112,"column":3}},"loc":{"start":{"line":112,"column":61},"end":{"line":118,"column":3}},"line":112},"5":{"name":"(anonymous_5)","decl":{"start":{"line":129,"column":2},"end":{"line":129,"column":3}},"loc":{"start":{"line":129,"column":54},"end":{"line":140,"column":3}},"line":129},"6":{"name":"(anonymous_6)","decl":{"start":{"line":147,"column":2},"end":{"line":147,"column":3}},"loc":{"start":{"line":147,"column":37},"end":{"line":157,"column":3}},"line":147},"7":{"name":"(anonymous_7)","decl":{"start":{"line":148,"column":28},"end":{"line":148,"column":29}},"loc":{"start":{"line":148,"column":52},"end":{"line":152,"column":5}},"line":148},"8":{"name":"(anonymous_8)","decl":{"start":{"line":163,"column":2},"end":{"line":163,"column":3}},"loc":{"start":{"line":163,"column":16},"end":{"line":168,"column":3}},"line":163},"9":{"name":"(anonymous_9)","decl":{"start":{"line":175,"column":2},"end":{"line":175,"column":3}},"loc":{"start":{"line":175,"column":34},"end":{"line":177,"column":3}},"line":175},"10":{"name":"(anonymous_10)","decl":{"start":{"line":184,"column":2},"end":{"line":184,"column":3}},"loc":{"start":{"line":184,"column":34},"end":{"line":186,"column":3}},"line":184},"11":{"name":"(anonymous_11)","decl":{"start":{"line":185,"column":25},"end":{"line":185,"column":26}},"loc":{"start":{"line":185,"column":37},"end":{"line":185,"column":67}},"line":185},"12":{"name":"(anonymous_12)","decl":{"start":{"line":193,"column":2},"end":{"line":193,"column":3}},"loc":{"start":{"line":193,"column":29},"end":{"line":195,"column":3}},"line":193},"13":{"name":"(anonymous_13)","decl":{"start":{"line":197,"column":2},"end":{"line":197,"column":3}},"loc":{"start":{"line":197,"column":86},"end":{"line":201,"column":3}},"line":197},"14":{"name":"(anonymous_14)","decl":{"start":{"line":198,"column":39},"end":{"line":198,"column":40}},"loc":{"start":{"line":199,"column":6},"end":{"line":199,"column":71}},"line":199},"15":{"name":"(anonymous_15)","decl":{"start":{"line":199,"column":18},"end":{"line":199,"column":19}},"loc":{"start":{"line":199,"column":28},"end":{"line":199,"column":70}},"line":199},"16":{"name":"(anonymous_16)","decl":{"start":{"line":203,"column":2},"end":{"line":203,"column":3}},"loc":{"start":{"line":203,"column":66},"end":{"line":209,"column":3}},"line":203},"17":{"name":"(anonymous_17)","decl":{"start":{"line":204,"column":27},"end":{"line":204,"column":28}},"loc":{"start":{"line":204,"column":37},"end":{"line":208,"column":5}},"line":204},"18":{"name":"(anonymous_18)","decl":{"start":{"line":211,"column":2},"end":{"line":211,"column":3}},"loc":{"start":{"line":211,"column":60},"end":{"line":216,"column":3}},"line":211}},"branchMap":{"0":{"loc":{"start":{"line":103,"column":11},"end":{"line":103,"column":62}},"type":"binary-expr","locations":[{"start":{"line":103,"column":11},"end":{"line":103,"column":53}},{"start":{"line":103,"column":57},"end":{"line":103,"column":62}}],"line":103},"1":{"loc":{"start":{"line":114,"column":4},"end":{"line":117,"column":5}},"type":"if","locations":[{"start":{"line":114,"column":4},"end":{"line":117,"column":5}},{"start":{},"end":{}}],"line":114},"2":{"loc":{"start":{"line":114,"column":8},"end":{"line":114,"column":51}},"type":"binary-expr","locations":[{"start":{"line":114,"column":8},"end":{"line":114,"column":20}},{"start":{"line":114,"column":24},"end":{"line":114,"column":51}}],"line":114},"3":{"loc":{"start":{"line":130,"column":4},"end":{"line":130,"column":46}},"type":"if","locations":[{"start":{"line":130,"column":4},"end":{"line":130,"column":46}},{"start":{},"end":{}}],"line":130},"4":{"loc":{"start":{"line":135,"column":4},"end":{"line":137,"column":5}},"type":"if","locations":[{"start":{"line":135,"column":4},"end":{"line":137,"column":5}},{"start":{},"end":{}}],"line":135},"5":{"loc":{"start":{"line":135,"column":8},"end":{"line":135,"column":44}},"type":"binary-expr","locations":[{"start":{"line":135,"column":8},"end":{"line":135,"column":19}},{"start":{"line":135,"column":23},"end":{"line":135,"column":44}}],"line":135},"6":{"loc":{"start":{"line":149,"column":6},"end":{"line":151,"column":7}},"type":"if","locations":[{"start":{"line":149,"column":6},"end":{"line":151,"column":7}},{"start":{},"end":{}}],"line":149},"7":{"loc":{"start":{"line":154,"column":4},"end":{"line":156,"column":5}},"type":"if","locations":[{"start":{"line":154,"column":4},"end":{"line":156,"column":5}},{"start":{},"end":{}}],"line":154},"8":{"loc":{"start":{"line":205,"column":21},"end":{"line":205,"column":58}},"type":"binary-expr","locations":[{"start":{"line":205,"column":21},"end":{"line":205,"column":53}},{"start":{"line":205,"column":57},"end":{"line":205,"column":58}}],"line":205},"9":{"loc":{"start":{"line":206,"column":21},"end":{"line":206,"column":58}},"type":"binary-expr","locations":[{"start":{"line":206,"column":21},"end":{"line":206,"column":53}},{"start":{"line":206,"column":57},"end":{"line":206,"column":58}}],"line":206},"10":{"loc":{"start":{"line":212,"column":4},"end":{"line":215,"column":5}},"type":"if","locations":[{"start":{"line":212,"column":4},"end":{"line":215,"column":5}},{"start":{},"end":{}}],"line":212}},"s":{"0":50,"1":50,"2":50,"3":50,"4":50,"5":50,"6":153,"7":153,"8":153,"9":153,"10":630,"11":630,"12":630,"13":630,"14":630,"15":287,"16":28,"17":1,"18":1,"19":1,"20":1,"21":79,"22":0,"23":79,"24":79,"25":79,"26":16,"27":63,"28":6,"29":32,"30":14,"31":6,"32":6,"33":2,"34":2,"35":2,"36":2,"37":60,"38":28,"39":40,"40":5,"41":63,"42":118,"43":101,"44":79,"45":76,"46":76,"47":76,"48":630,"49":253,"50":253},"f":{"0":153,"1":630,"2":287,"3":28,"4":1,"5":79,"6":6,"7":32,"8":2,"9":60,"10":28,"11":40,"12":5,"13":63,"14":118,"15":101,"16":79,"17":76,"18":630},"b":{"0":[28,6],"1":[1,0],"2":[1,1],"3":[0,79],"4":[16,63],"5":[79,65],"6":[14,18],"7":[6,0],"8":[76,4],"9":[76,4],"10":[253,377]},"_coverageSchema":"1a1c01bbd47fc00a2c39e90264f33305004495a9","hash":"7c15cbdc9a88a4ba960ee9d5a99bbcfbc7b659b5"}
,"/app/src/game/systems/CollisionSystem.ts": {"path":"/app/src/game/systems/CollisionSystem.ts","statementMap":{"0":{"start":{"line":19,"column":4},"end":{"line":23,"column":1}},"1":{"start":{"line":33,"column":4},"end":{"line":33,"column":18}},"2":{"start":{"line":34,"column":22},"end":{"line":34,"column":57}},"3":{"start":{"line":35,"column":31},"end":{"line":35,"column":52}},"4":{"start":{"line":36,"column":4},"end":{"line":38,"column":5}},"5":{"start":{"line":37,"column":6},"end":{"line":37,"column":51}},"6":{"start":{"line":42,"column":33},"end":{"line":42,"column":40}},"7":{"start":{"line":43,"column":4},"end":{"line":45,"column":7}},"8":{"start":{"line":44,"column":6},"end":{"line":44,"column":87}},"9":{"start":{"line":54,"column":54},"end":{"line":54,"column":61}},"10":{"start":{"line":55,"column":4},"end":{"line":57,"column":5}},"11":{"start":{"line":55,"column":17},"end":{"line":55,"column":27}},"12":{"start":{"line":56,"column":6},"end":{"line":56,"column":70}},"13":{"start":{"line":61,"column":40},"end":{"line":61,"column":53}},"14":{"start":{"line":62,"column":24},"end":{"line":62,"column":69}},"15":{"start":{"line":63,"column":4},"end":{"line":65,"column":5}},"16":{"start":{"line":64,"column":6},"end":{"line":64,"column":57}},"17":{"start":{"line":69,"column":40},"end":{"line":69,"column":53}},"18":{"start":{"line":70,"column":17},"end":{"line":70,"column":75}},"19":{"start":{"line":71,"column":17},"end":{"line":71,"column":75}},"20":{"start":{"line":72,"column":17},"end":{"line":72,"column":75}},"21":{"start":{"line":73,"column":17},"end":{"line":73,"column":75}},"22":{"start":{"line":75,"column":4},"end":{"line":75,"column":55}},"23":{"start":{"line":75,"column":42},"end":{"line":75,"column":55}},"24":{"start":{"line":77,"column":28},"end":{"line":77,"column":69}},"25":{"start":{"line":78,"column":22},"end":{"line":78,"column":47}},"26":{"start":{"line":80,"column":4},"end":{"line":80,"column":51}},"27":{"start":{"line":84,"column":15},"end":{"line":84,"column":30}},"28":{"start":{"line":85,"column":15},"end":{"line":85,"column":30}},"29":{"start":{"line":86,"column":21},"end":{"line":86,"column":28}},"30":{"start":{"line":87,"column":21},"end":{"line":87,"column":28}},"31":{"start":{"line":88,"column":4},"end":{"line":88,"column":31}},"32":{"start":{"line":92,"column":40},"end":{"line":92,"column":53}},"33":{"start":{"line":93,"column":17},"end":{"line":93,"column":37}},"34":{"start":{"line":95,"column":4},"end":{"line":95,"column":63}},"35":{"start":{"line":95,"column":56},"end":{"line":95,"column":63}},"36":{"start":{"line":96,"column":4},"end":{"line":96,"column":49}},"37":{"start":{"line":103,"column":28},"end":{"line":103,"column":35}},"38":{"start":{"line":104,"column":18},"end":{"line":104,"column":85}},"39":{"start":{"line":106,"column":4},"end":{"line":113,"column":5}},"40":{"start":{"line":107,"column":6},"end":{"line":111,"column":9}},"41":{"start":{"line":112,"column":6},"end":{"line":112,"column":18}},"42":{"start":{"line":114,"column":4},"end":{"line":114,"column":17}},"43":{"start":{"line":121,"column":28},"end":{"line":121,"column":35}},"44":{"start":{"line":122,"column":18},"end":{"line":122,"column":83}},"45":{"start":{"line":124,"column":4},"end":{"line":126,"column":5}},"46":{"start":{"line":125,"column":6},"end":{"line":125,"column":74}},"47":{"start":{"line":135,"column":42},"end":{"line":135,"column":48}},"48":{"start":{"line":136,"column":33},"end":{"line":136,"column":37}},"49":{"start":{"line":138,"column":4},"end":{"line":140,"column":5}},"50":{"start":{"line":139,"column":6},"end":{"line":139,"column":78}},"51":{"start":{"line":141,"column":4},"end":{"line":143,"column":5}},"52":{"start":{"line":142,"column":6},"end":{"line":142,"column":78}},"53":{"start":{"line":144,"column":4},"end":{"line":144,"column":20}},"54":{"start":{"line":148,"column":40},"end":{"line":148,"column":47}},"55":{"start":{"line":149,"column":16},"end":{"line":149,"column":75}},"56":{"start":{"line":150,"column":4},"end":{"line":152,"column":5}},"57":{"start":{"line":151,"column":6},"end":{"line":151,"column":50}},"58":{"start":{"line":153,"column":4},"end":{"line":153,"column":60}},"59":{"start":{"line":154,"column":4},"end":{"line":154,"column":31}},"60":{"start":{"line":155,"column":4},"end":{"line":155,"column":65}},"61":{"start":{"line":159,"column":4},"end":{"line":169,"column":5}},"62":{"start":{"line":159,"column":17},"end":{"line":159,"column":18}},"63":{"start":{"line":160,"column":6},"end":{"line":168,"column":9}},"64":{"start":{"line":173,"column":34},"end":{"line":173,"column":41}},"65":{"start":{"line":174,"column":19},"end":{"line":174,"column":76}},"66":{"start":{"line":176,"column":4},"end":{"line":178,"column":5}},"67":{"start":{"line":177,"column":6},"end":{"line":177,"column":37}},"68":{"start":{"line":182,"column":4},"end":{"line":182,"column":57}},"69":{"start":{"line":186,"column":4},"end":{"line":186,"column":21}},"70":{"start":{"line":187,"column":4},"end":{"line":187,"column":72}},"71":{"start":{"line":189,"column":4},"end":{"line":193,"column":5}},"72":{"start":{"line":190,"column":6},"end":{"line":190,"column":20}},"73":{"start":{"line":192,"column":6},"end":{"line":192,"column":21}},"74":{"start":{"line":197,"column":38},"end":{"line":197,"column":53}},"75":{"start":{"line":198,"column":21},"end":{"line":198,"column":86}},"76":{"start":{"line":199,"column":16},"end":{"line":199,"column":81}},"77":{"start":{"line":201,"column":4},"end":{"line":203,"column":5}},"78":{"start":{"line":202,"column":6},"end":{"line":202,"column":69}},"79":{"start":{"line":204,"column":4},"end":{"line":204,"column":39}},"80":{"start":{"line":212,"column":33},"end":{"line":212,"column":44}},"81":{"start":{"line":213,"column":19},"end":{"line":213,"column":46}},"82":{"start":{"line":215,"column":4},"end":{"line":217,"column":5}},"83":{"start":{"line":216,"column":6},"end":{"line":216,"column":84}},"84":{"start":{"line":226,"column":41},"end":{"line":226,"column":52}},"85":{"start":{"line":227,"column":4},"end":{"line":227,"column":74}},"86":{"start":{"line":228,"column":4},"end":{"line":228,"column":74}},"87":{"start":{"line":232,"column":30},"end":{"line":232,"column":42}},"88":{"start":{"line":233,"column":22},"end":{"line":233,"column":41}},"89":{"start":{"line":234,"column":4},"end":{"line":234,"column":30}}},"fnMap":{"0":{"name":"(anonymous_0)","decl":{"start":{"line":32,"column":2},"end":{"line":32,"column":3}},"loc":{"start":{"line":32,"column":55},"end":{"line":39,"column":3}},"line":32},"1":{"name":"(anonymous_1)","decl":{"start":{"line":41,"column":2},"end":{"line":41,"column":3}},"loc":{"start":{"line":41,"column":82},"end":{"line":46,"column":3}},"line":41},"2":{"name":"(anonymous_2)","decl":{"start":{"line":43,"column":22},"end":{"line":43,"column":23}},"loc":{"start":{"line":43,"column":42},"end":{"line":45,"column":5}},"line":43},"3":{"name":"(anonymous_3)","decl":{"start":{"line":48,"column":2},"end":{"line":48,"column":3}},"loc":{"start":{"line":53,"column":11},"end":{"line":58,"column":3}},"line":53},"4":{"name":"(anonymous_4)","decl":{"start":{"line":60,"column":2},"end":{"line":60,"column":3}},"loc":{"start":{"line":60,"column":99},"end":{"line":66,"column":3}},"line":60},"5":{"name":"(anonymous_5)","decl":{"start":{"line":68,"column":2},"end":{"line":68,"column":3}},"loc":{"start":{"line":68,"column":98},"end":{"line":81,"column":3}},"line":68},"6":{"name":"(anonymous_6)","decl":{"start":{"line":83,"column":2},"end":{"line":83,"column":3}},"loc":{"start":{"line":83,"column":93},"end":{"line":89,"column":3}},"line":83},"7":{"name":"(anonymous_7)","decl":{"start":{"line":91,"column":2},"end":{"line":91,"column":3}},"loc":{"start":{"line":91,"column":100},"end":{"line":97,"column":3}},"line":91},"8":{"name":"(anonymous_8)","decl":{"start":{"line":99,"column":2},"end":{"line":99,"column":3}},"loc":{"start":{"line":102,"column":14},"end":{"line":115,"column":3}},"line":102},"9":{"name":"(anonymous_9)","decl":{"start":{"line":117,"column":2},"end":{"line":117,"column":3}},"loc":{"start":{"line":120,"column":11},"end":{"line":127,"column":3}},"line":120},"10":{"name":"(anonymous_10)","decl":{"start":{"line":129,"column":2},"end":{"line":129,"column":3}},"loc":{"start":{"line":134,"column":42},"end":{"line":145,"column":3}},"line":134},"11":{"name":"(anonymous_11)","decl":{"start":{"line":147,"column":2},"end":{"line":147,"column":3}},"loc":{"start":{"line":147,"column":107},"end":{"line":156,"column":3}},"line":147},"12":{"name":"(anonymous_12)","decl":{"start":{"line":158,"column":2},"end":{"line":158,"column":3}},"loc":{"start":{"line":158,"column":93},"end":{"line":170,"column":3}},"line":158},"13":{"name":"(anonymous_13)","decl":{"start":{"line":172,"column":2},"end":{"line":172,"column":3}},"loc":{"start":{"line":172,"column":91},"end":{"line":179,"column":3}},"line":172},"14":{"name":"(anonymous_14)","decl":{"start":{"line":181,"column":2},"end":{"line":181,"column":3}},"loc":{"start":{"line":181,"column":92},"end":{"line":183,"column":3}},"line":181},"15":{"name":"(anonymous_15)","decl":{"start":{"line":185,"column":2},"end":{"line":185,"column":3}},"loc":{"start":{"line":185,"column":59},"end":{"line":194,"column":3}},"line":185},"16":{"name":"(anonymous_16)","decl":{"start":{"line":196,"column":2},"end":{"line":196,"column":3}},"loc":{"start":{"line":196,"column":89},"end":{"line":205,"column":3}},"line":196},"17":{"name":"(anonymous_17)","decl":{"start":{"line":207,"column":2},"end":{"line":207,"column":3}},"loc":{"start":{"line":211,"column":11},"end":{"line":218,"column":3}},"line":211},"18":{"name":"(anonymous_18)","decl":{"start":{"line":220,"column":2},"end":{"line":220,"column":3}},"loc":{"start":{"line":225,"column":11},"end":{"line":229,"column":3}},"line":225},"19":{"name":"(anonymous_19)","decl":{"start":{"line":231,"column":2},"end":{"line":231,"column":3}},"loc":{"start":{"line":231,"column":73},"end":{"line":235,"column":3}},"line":231}},"branchMap":{"0":{"loc":{"start":{"line":36,"column":4},"end":{"line":38,"column":5}},"type":"if","locations":[{"start":{"line":36,"column":4},"end":{"line":38,"column":5}},{"start":{},"end":{}}],"line":36},"1":{"loc":{"start":{"line":63,"column":4},"end":{"line":65,"column":5}},"type":"if","locations":[{"start":{"line":63,"column":4},"end":{"line":65,"column":5}},{"start":{},"end":{}}],"line":63},"2":{"loc":{"start":{"line":75,"column":4},"end":{"line":75,"column":55}},"type":"if","locations":[{"start":{"line":75,"column":4},"end":{"line":75,"column":55}},{"start":{},"end":{}}],"line":75},"3":{"loc":{"start":{"line":75,"column":8},"end":{"line":75,"column":40}},"type":"binary-expr","locations":[{"start":{"line":75,"column":8},"end":{"line":75,"column":13}},{"start":{"line":75,"column":17},"end":{"line":75,"column":22}},{"start":{"line":75,"column":26},"end":{"line":75,"column":31}},{"start":{"line":75,"column":35},"end":{"line":75,"column":40}}],"line":75},"4":{"loc":{"start":{"line":95,"column":4},"end":{"line":95,"column":63}},"type":"if","locations":[{"start":{"line":95,"column":4},"end":{"line":95,"column":63}},{"start":{},"end":{}}],"line":95},"5":{"loc":{"start":{"line":106,"column":4},"end":{"line":113,"column":5}},"type":"if","locations":[{"start":{"line":106,"column":4},"end":{"line":113,"column":5}},{"start":{},"end":{}}],"line":106},"6":{"loc":{"start":{"line":124,"column":4},"end":{"line":126,"column":5}},"type":"if","locations":[{"start":{"line":124,"column":4},"end":{"line":126,"column":5}},{"start":{},"end":{}}],"line":124},"7":{"loc":{"start":{"line":138,"column":4},"end":{"line":140,"column":5}},"type":"if","locations":[{"start":{"line":138,"column":4},"end":{"line":140,"column":5}},{"start":{},"end":{}}],"line":138},"8":{"loc":{"start":{"line":138,"column":8},"end":{"line":138,"column":80}},"type":"binary-expr","locations":[{"start":{"line":138,"column":8},"end":{"line":138,"column":42}},{"start":{"line":138,"column":46},"end":{"line":138,"column":80}}],"line":138},"9":{"loc":{"start":{"line":141,"column":4},"end":{"line":143,"column":5}},"type":"if","locations":[{"start":{"line":141,"column":4},"end":{"line":143,"column":5}},{"start":{},"end":{}}],"line":141},"10":{"loc":{"start":{"line":141,"column":8},"end":{"line":141,"column":80}},"type":"binary-expr","locations":[{"start":{"line":141,"column":8},"end":{"line":141,"column":42}},{"start":{"line":141,"column":46},"end":{"line":141,"column":80}}],"line":141},"11":{"loc":{"start":{"line":150,"column":4},"end":{"line":152,"column":5}},"type":"if","locations":[{"start":{"line":150,"column":4},"end":{"line":152,"column":5}},{"start":{},"end":{}}],"line":150},"12":{"loc":{"start":{"line":166,"column":15},"end":{"line":166,"column":50}},"type":"cond-expr","locations":[{"start":{"line":166,"column":29},"end":{"line":166,"column":38}},{"start":{"line":166,"column":41},"end":{"line":166,"column":50}}],"line":166},"13":{"loc":{"start":{"line":176,"column":4},"end":{"line":178,"column":5}},"type":"if","locations":[{"start":{"line":176,"column":4},"end":{"line":178,"column":5}},{"start":{},"end":{}}],"line":176},"14":{"loc":{"start":{"line":182,"column":11},"end":{"line":182,"column":56}},"type":"binary-expr","locations":[{"start":{"line":182,"column":11},"end":{"line":182,"column":19}},{"start":{"line":182,"column":23},"end":{"line":182,"column":56}}],"line":182},"15":{"loc":{"start":{"line":189,"column":4},"end":{"line":193,"column":5}},"type":"if","locations":[{"start":{"line":189,"column":4},"end":{"line":193,"column":5}},{"start":{"line":191,"column":11},"end":{"line":193,"column":5}}],"line":189},"16":{"loc":{"start":{"line":201,"column":4},"end":{"line":203,"column":5}},"type":"if","locations":[{"start":{"line":201,"column":4},"end":{"line":203,"column":5}},{"start":{},"end":{}}],"line":201},"17":{"loc":{"start":{"line":201,"column":8},"end":{"line":201,"column":23}},"type":"binary-expr","locations":[{"start":{"line":201,"column":8},"end":{"line":201,"column":16}},{"start":{"line":201,"column":20},"end":{"line":201,"column":23}}],"line":201},"18":{"loc":{"start":{"line":215,"column":4},"end":{"line":217,"column":5}},"type":"if","locations":[{"start":{"line":215,"column":4},"end":{"line":217,"column":5}},{"start":{},"end":{}}],"line":215}},"s":{"0":2,"1":9,"2":9,"3":9,"4":9,"5":8,"6":8,"7":8,"8":25,"9":25,"10":25,"11":25,"12":35,"13":35,"14":35,"15":35,"16":5,"17":35,"18":35,"19":35,"20":35,"21":35,"22":35,"23":0,"24":35,"25":35,"26":35,"27":35,"28":35,"29":35,"30":35,"31":35,"32":5,"33":5,"34":5,"35":2,"36":3,"37":5,"38":5,"39":5,"40":2,"41":2,"42":3,"43":3,"44":3,"45":3,"46":3,"47":8,"48":8,"49":8,"50":5,"51":3,"52":0,"53":3,"54":2,"55":2,"56":2,"57":2,"58":2,"59":2,"60":2,"61":2,"62":2,"63":16,"64":3,"65":3,"66":3,"67":2,"68":3,"69":2,"70":2,"71":2,"72":1,"73":1,"74":2,"75":2,"76":2,"77":2,"78":2,"79":2,"80":2,"81":2,"82":2,"83":1,"84":1,"85":1,"86":1,"87":2,"88":2,"89":2},"f":{"0":9,"1":8,"2":25,"3":25,"4":35,"5":35,"6":35,"7":5,"8":5,"9":3,"10":8,"11":2,"12":2,"13":3,"14":3,"15":2,"16":2,"17":2,"18":1,"19":2},"b":{"0":[8,1],"1":[5,30],"2":[0,35],"3":[35,35,35,35],"4":[2,3],"5":[2,3],"6":[3,0],"7":[5,3],"8":[8,5],"9":[0,3],"10":[3,0],"11":[2,0],"12":[8,8],"13":[2,1],"14":[3,3],"15":[1,1],"16":[2,0],"17":[2,2],"18":[1,1]},"_coverageSchema":"1a1c01bbd47fc00a2c39e90264f33305004495a9","hash":"95549682c6953775477dfc1586d2f710f81e4b68"}
,"/app/src/game/systems/GameStateSystem.ts": {"path":"/app/src/game/systems/GameStateSystem.ts","statementMap":{"0":{"start":{"line":12,"column":27},"end":{"line":12,"column":32}},"1":{"start":{"line":16,"column":4},"end":{"line":16,"column":12}},"2":{"start":{"line":17,"column":4},"end":{"line":17,"column":37}},"3":{"start":{"line":24,"column":22},"end":{"line":24,"column":41}},"4":{"start":{"line":26,"column":4},"end":{"line":26,"column":61}},"5":{"start":{"line":27,"column":4},"end":{"line":27,"column":48}},"6":{"start":{"line":28,"column":4},"end":{"line":28,"column":49}},"7":{"start":{"line":29,"column":4},"end":{"line":29,"column":48}},"8":{"start":{"line":33,"column":4},"end":{"line":33,"column":31}},"9":{"start":{"line":37,"column":4},"end":{"line":37,"column":49}},"10":{"start":{"line":38,"column":4},"end":{"line":38,"column":32}},"11":{"start":{"line":42,"column":22},"end":{"line":42,"column":45}},"12":{"start":{"line":43,"column":4},"end":{"line":43,"column":52}},"13":{"start":{"line":47,"column":4},"end":{"line":49,"column":5}},"14":{"start":{"line":48,"column":6},"end":{"line":48,"column":54}},"15":{"start":{"line":53,"column":26},"end":{"line":53,"column":66}},"16":{"start":{"line":54,"column":4},"end":{"line":54,"column":55}},"17":{"start":{"line":55,"column":4},"end":{"line":55,"column":22}},"18":{"start":{"line":63,"column":44},"end":{"line":63,"column":51}},"19":{"start":{"line":64,"column":18},"end":{"line":64,"column":56}},"20":{"start":{"line":65,"column":4},"end":{"line":65,"column":34}},"21":{"start":{"line":65,"column":28},"end":{"line":65,"column":34}},"22":{"start":{"line":67,"column":23},"end":{"line":67,"column":31}},"23":{"start":{"line":68,"column":19},"end":{"line":68,"column":76}},"24":{"start":{"line":69,"column":4},"end":{"line":69,"column":23}},"25":{"start":{"line":69,"column":17},"end":{"line":69,"column":23}},"26":{"start":{"line":71,"column":4},"end":{"line":71,"column":49}},"27":{"start":{"line":72,"column":4},"end":{"line":72,"column":36}},"28":{"start":{"line":76,"column":4},"end":{"line":78,"column":5}},"29":{"start":{"line":77,"column":6},"end":{"line":77,"column":48}},"30":{"start":{"line":82,"column":23},"end":{"line":82,"column":64}},"31":{"start":{"line":83,"column":4},"end":{"line":83,"column":38}},"32":{"start":{"line":85,"column":4},"end":{"line":89,"column":5}},"33":{"start":{"line":86,"column":6},"end":{"line":86,"column":41}},"34":{"start":{"line":88,"column":6},"end":{"line":88,"column":34}},"35":{"start":{"line":93,"column":4},"end":{"line":93,"column":32}},"36":{"start":{"line":97,"column":4},"end":{"line":101,"column":5}},"37":{"start":{"line":98,"column":6},"end":{"line":98,"column":63}},"38":{"start":{"line":99,"column":6},"end":{"line":99,"column":33}},"39":{"start":{"line":100,"column":6},"end":{"line":100,"column":33}},"40":{"start":{"line":105,"column":25},"end":{"line":105,"column":59}},"41":{"start":{"line":106,"column":21},"end":{"line":106,"column":51}},"42":{"start":{"line":107,"column":4},"end":{"line":107,"column":51}}},"fnMap":{"0":{"name":"(anonymous_0)","decl":{"start":{"line":15,"column":2},"end":{"line":15,"column":3}},"loc":{"start":{"line":15,"column":45},"end":{"line":18,"column":3}},"line":15},"1":{"name":"(anonymous_1)","decl":{"start":{"line":23,"column":2},"end":{"line":23,"column":3}},"loc":{"start":{"line":23,"column":55},"end":{"line":30,"column":3}},"line":23},"2":{"name":"(anonymous_2)","decl":{"start":{"line":32,"column":2},"end":{"line":32,"column":3}},"loc":{"start":{"line":32,"column":31},"end":{"line":34,"column":3}},"line":32},"3":{"name":"(anonymous_3)","decl":{"start":{"line":36,"column":2},"end":{"line":36,"column":3}},"loc":{"start":{"line":36,"column":36},"end":{"line":39,"column":3}},"line":36},"4":{"name":"(anonymous_4)","decl":{"start":{"line":41,"column":2},"end":{"line":41,"column":3}},"loc":{"start":{"line":41,"column":82},"end":{"line":44,"column":3}},"line":41},"5":{"name":"(anonymous_5)","decl":{"start":{"line":46,"column":2},"end":{"line":46,"column":3}},"loc":{"start":{"line":46,"column":83},"end":{"line":50,"column":3}},"line":46},"6":{"name":"(anonymous_6)","decl":{"start":{"line":52,"column":2},"end":{"line":52,"column":3}},"loc":{"start":{"line":52,"column":86},"end":{"line":56,"column":3}},"line":52},"7":{"name":"(anonymous_7)","decl":{"start":{"line":58,"column":2},"end":{"line":58,"column":3}},"loc":{"start":{"line":62,"column":11},"end":{"line":73,"column":3}},"line":62},"8":{"name":"(anonymous_8)","decl":{"start":{"line":75,"column":2},"end":{"line":75,"column":3}},"loc":{"start":{"line":75,"column":82},"end":{"line":79,"column":3}},"line":75},"9":{"name":"(anonymous_9)","decl":{"start":{"line":81,"column":2},"end":{"line":81,"column":3}},"loc":{"start":{"line":81,"column":82},"end":{"line":90,"column":3}},"line":81},"10":{"name":"(anonymous_10)","decl":{"start":{"line":92,"column":2},"end":{"line":92,"column":3}},"loc":{"start":{"line":92,"column":76},"end":{"line":94,"column":3}},"line":92},"11":{"name":"(anonymous_11)","decl":{"start":{"line":96,"column":2},"end":{"line":96,"column":3}},"loc":{"start":{"line":96,"column":66},"end":{"line":102,"column":3}},"line":96},"12":{"name":"(anonymous_12)","decl":{"start":{"line":104,"column":2},"end":{"line":104,"column":3}},"loc":{"start":{"line":104,"column":52},"end":{"line":108,"column":3}},"line":104}},"branchMap":{"0":{"loc":{"start":{"line":47,"column":4},"end":{"line":49,"column":5}},"type":"if","locations":[{"start":{"line":47,"column":4},"end":{"line":49,"column":5}},{"start":{},"end":{}}],"line":47},"1":{"loc":{"start":{"line":65,"column":4},"end":{"line":65,"column":34}},"type":"if","locations":[{"start":{"line":65,"column":4},"end":{"line":65,"column":34}},{"start":{},"end":{}}],"line":65},"2":{"loc":{"start":{"line":69,"column":4},"end":{"line":69,"column":23}},"type":"if","locations":[{"start":{"line":69,"column":4},"end":{"line":69,"column":23}},{"start":{},"end":{}}],"line":69},"3":{"loc":{"start":{"line":76,"column":4},"end":{"line":78,"column":5}},"type":"if","locations":[{"start":{"line":76,"column":4},"end":{"line":78,"column":5}},{"start":{},"end":{}}],"line":76},"4":{"loc":{"start":{"line":85,"column":4},"end":{"line":89,"column":5}},"type":"if","locations":[{"start":{"line":85,"column":4},"end":{"line":89,"column":5}},{"start":{"line":87,"column":11},"end":{"line":89,"column":5}}],"line":85},"5":{"loc":{"start":{"line":97,"column":4},"end":{"line":101,"column":5}},"type":"if","locations":[{"start":{"line":97,"column":4},"end":{"line":101,"column":5}},{"start":{},"end":{}}],"line":97}},"s":{"0":13,"1":13,"2":13,"3":9,"4":9,"5":9,"6":9,"7":9,"8":1,"9":1,"10":1,"11":9,"12":9,"13":9,"14":5,"15":5,"16":5,"17":5,"18":9,"19":9,"20":9,"21":2,"22":7,"23":7,"24":7,"25":0,"26":7,"27":7,"28":7,"29":1,"30":9,"31":9,"32":9,"33":2,"34":7,"35":9,"36":2,"37":2,"38":2,"39":2,"40":5,"41":5,"42":5},"f":{"0":13,"1":9,"2":1,"3":1,"4":9,"5":9,"6":5,"7":9,"8":7,"9":9,"10":9,"11":2,"12":5},"b":{"0":[5,4],"1":[2,7],"2":[0,7],"3":[1,6],"4":[2,7],"5":[2,0]},"_coverageSchema":"1a1c01bbd47fc00a2c39e90264f33305004495a9","hash":"ba74d1e4b29e20974aa65b9e646c2504ef827d89"}
,"/app/src/game/systems/InputSystem.ts": {"path":"/app/src/game/systems/InputSystem.ts","statementMap":{"0":{"start":{"line":22,"column":40},"end":{"line":22,"column":49}},"1":{"start":{"line":23,"column":28},"end":{"line":23,"column":74}},"2":{"start":{"line":23,"column":50},"end":{"line":23,"column":74}},"3":{"start":{"line":24,"column":26},"end":{"line":24,"column":74}},"4":{"start":{"line":24,"column":48},"end":{"line":24,"column":74}},"5":{"start":{"line":30,"column":4},"end":{"line":30,"column":11}},"6":{"start":{"line":31,"column":4},"end":{"line":31,"column":36}},"7":{"start":{"line":38,"column":22},"end":{"line":38,"column":103}},"8":{"start":{"line":39,"column":4},"end":{"line":42,"column":5}},"9":{"start":{"line":40,"column":6},"end":{"line":40,"column":65}},"10":{"start":{"line":41,"column":6},"end":{"line":41,"column":61}},"11":{"start":{"line":51,"column":4},"end":{"line":51,"column":29}},"12":{"start":{"line":61,"column":18},"end":{"line":61,"column":80}},"13":{"start":{"line":62,"column":4},"end":{"line":62,"column":82}},"14":{"start":{"line":62,"column":30},"end":{"line":62,"column":81}},"15":{"start":{"line":66,"column":41},"end":{"line":66,"column":48}},"16":{"start":{"line":67,"column":18},"end":{"line":67,"column":69}},"17":{"start":{"line":68,"column":4},"end":{"line":68,"column":22}},"18":{"start":{"line":68,"column":16},"end":{"line":68,"column":22}},"19":{"start":{"line":70,"column":4},"end":{"line":70,"column":42}},"20":{"start":{"line":71,"column":4},"end":{"line":71,"column":64}},"21":{"start":{"line":75,"column":4},"end":{"line":75,"column":49}},"22":{"start":{"line":76,"column":4},"end":{"line":76,"column":36}},"23":{"start":{"line":85,"column":48},"end":{"line":85,"column":55}},"24":{"start":{"line":86,"column":16},"end":{"line":86,"column":73}},"25":{"start":{"line":87,"column":19},"end":{"line":87,"column":72}},"26":{"start":{"line":88,"column":16},"end":{"line":88,"column":73}},"27":{"start":{"line":90,"column":4},"end":{"line":93,"column":5}},"28":{"start":{"line":91,"column":6},"end":{"line":91,"column":63}},"29":{"start":{"line":92,"column":6},"end":{"line":92,"column":60}},"30":{"start":{"line":97,"column":4},"end":{"line":97,"column":58}},"31":{"start":{"line":98,"column":4},"end":{"line":98,"column":67}},"32":{"start":{"line":99,"column":4},"end":{"line":99,"column":69}},"33":{"start":{"line":100,"column":4},"end":{"line":100,"column":56}},"34":{"start":{"line":104,"column":4},"end":{"line":104,"column":38}},"35":{"start":{"line":104,"column":32},"end":{"line":104,"column":38}},"36":{"start":{"line":106,"column":4},"end":{"line":110,"column":5}},"37":{"start":{"line":107,"column":6},"end":{"line":107,"column":31}},"38":{"start":{"line":109,"column":6},"end":{"line":109,"column":33}},"39":{"start":{"line":114,"column":22},"end":{"line":114,"column":100}},"40":{"start":{"line":115,"column":4},"end":{"line":118,"column":5}},"41":{"start":{"line":116,"column":6},"end":{"line":116,"column":62}},"42":{"start":{"line":117,"column":6},"end":{"line":117,"column":58}},"43":{"start":{"line":122,"column":4},"end":{"line":122,"column":36}},"44":{"start":{"line":126,"column":4},"end":{"line":126,"column":39}},"45":{"start":{"line":130,"column":4},"end":{"line":132,"column":5}},"46":{"start":{"line":131,"column":6},"end":{"line":131,"column":47}},"47":{"start":{"line":136,"column":4},"end":{"line":136,"column":67}},"48":{"start":{"line":137,"column":4},"end":{"line":137,"column":76}},"49":{"start":{"line":138,"column":4},"end":{"line":138,"column":78}},"50":{"start":{"line":139,"column":4},"end":{"line":139,"column":65}},"51":{"start":{"line":148,"column":46},"end":{"line":148,"column":53}},"52":{"start":{"line":149,"column":15},"end":{"line":149,"column":31}},"53":{"start":{"line":151,"column":4},"end":{"line":151,"column":45}},"54":{"start":{"line":152,"column":4},"end":{"line":152,"column":48}},"55":{"start":{"line":153,"column":4},"end":{"line":153,"column":38}},"56":{"start":{"line":157,"column":34},"end":{"line":157,"column":41}},"57":{"start":{"line":158,"column":4},"end":{"line":158,"column":81}},"58":{"start":{"line":158,"column":26},"end":{"line":158,"column":81}},"59":{"start":{"line":159,"column":4},"end":{"line":159,"column":82}},"60":{"start":{"line":159,"column":27},"end":{"line":159,"column":82}},"61":{"start":{"line":168,"column":39},"end":{"line":168,"column":46}},"62":{"start":{"line":169,"column":4},"end":{"line":172,"column":5}},"63":{"start":{"line":170,"column":6},"end":{"line":170,"column":72}},"64":{"start":{"line":171,"column":6},"end":{"line":171,"column":72}},"65":{"start":{"line":176,"column":27},"end":{"line":176,"column":87}},"66":{"start":{"line":177,"column":4},"end":{"line":177,"column":28}},"67":{"start":{"line":178,"column":4},"end":{"line":178,"column":28}},"68":{"start":{"line":187,"column":42},"end":{"line":187,"column":49}},"69":{"start":{"line":188,"column":21},"end":{"line":188,"column":69}},"70":{"start":{"line":189,"column":4},"end":{"line":193,"column":5}},"71":{"start":{"line":190,"column":6},"end":{"line":190,"column":73}},"72":{"start":{"line":191,"column":6},"end":{"line":191,"column":70}},"73":{"start":{"line":192,"column":6},"end":{"line":192,"column":19}}},"fnMap":{"0":{"name":"(anonymous_0)","decl":{"start":{"line":23,"column":28},"end":{"line":23,"column":29}},"loc":{"start":{"line":23,"column":50},"end":{"line":23,"column":74}},"line":23},"1":{"name":"(anonymous_1)","decl":{"start":{"line":24,"column":26},"end":{"line":24,"column":27}},"loc":{"start":{"line":24,"column":48},"end":{"line":24,"column":74}},"line":24},"2":{"name":"(anonymous_2)","decl":{"start":{"line":29,"column":2},"end":{"line":29,"column":3}},"loc":{"start":{"line":29,"column":16},"end":{"line":32,"column":3}},"line":29},"3":{"name":"(anonymous_3)","decl":{"start":{"line":37,"column":2},"end":{"line":37,"column":3}},"loc":{"start":{"line":37,"column":25},"end":{"line":43,"column":3}},"line":37},"4":{"name":"(anonymous_4)","decl":{"start":{"line":50,"column":2},"end":{"line":50,"column":3}},"loc":{"start":{"line":50,"column":52},"end":{"line":52,"column":3}},"line":50},"5":{"name":"(anonymous_5)","decl":{"start":{"line":60,"column":2},"end":{"line":60,"column":3}},"loc":{"start":{"line":60,"column":55},"end":{"line":63,"column":3}},"line":60},"6":{"name":"(anonymous_6)","decl":{"start":{"line":62,"column":18},"end":{"line":62,"column":19}},"loc":{"start":{"line":62,"column":30},"end":{"line":62,"column":81}},"line":62},"7":{"name":"(anonymous_7)","decl":{"start":{"line":65,"column":2},"end":{"line":65,"column":3}},"loc":{"start":{"line":65,"column":95},"end":{"line":72,"column":3}},"line":65},"8":{"name":"(anonymous_8)","decl":{"start":{"line":74,"column":2},"end":{"line":74,"column":3}},"loc":{"start":{"line":74,"column":74},"end":{"line":77,"column":3}},"line":74},"9":{"name":"(anonymous_9)","decl":{"start":{"line":79,"column":2},"end":{"line":79,"column":3}},"loc":{"start":{"line":84,"column":11},"end":{"line":94,"column":3}},"line":84},"10":{"name":"(anonymous_10)","decl":{"start":{"line":96,"column":2},"end":{"line":96,"column":3}},"loc":{"start":{"line":96,"column":58},"end":{"line":101,"column":3}},"line":96},"11":{"name":"(anonymous_11)","decl":{"start":{"line":103,"column":2},"end":{"line":103,"column":3}},"loc":{"start":{"line":103,"column":75},"end":{"line":111,"column":3}},"line":103},"12":{"name":"(anonymous_12)","decl":{"start":{"line":113,"column":2},"end":{"line":113,"column":3}},"loc":{"start":{"line":113,"column":44},"end":{"line":119,"column":3}},"line":113},"13":{"name":"(anonymous_13)","decl":{"start":{"line":121,"column":2},"end":{"line":121,"column":3}},"loc":{"start":{"line":121,"column":45},"end":{"line":123,"column":3}},"line":121},"14":{"name":"(anonymous_14)","decl":{"start":{"line":125,"column":2},"end":{"line":125,"column":3}},"loc":{"start":{"line":125,"column":47},"end":{"line":127,"column":3}},"line":125},"15":{"name":"(anonymous_15)","decl":{"start":{"line":129,"column":2},"end":{"line":129,"column":3}},"loc":{"start":{"line":129,"column":81},"end":{"line":133,"column":3}},"line":129},"16":{"name":"(anonymous_16)","decl":{"start":{"line":135,"column":2},"end":{"line":135,"column":3}},"loc":{"start":{"line":135,"column":60},"end":{"line":140,"column":3}},"line":135},"17":{"name":"(anonymous_17)","decl":{"start":{"line":142,"column":2},"end":{"line":142,"column":3}},"loc":{"start":{"line":147,"column":11},"end":{"line":154,"column":3}},"line":147},"18":{"name":"(anonymous_18)","decl":{"start":{"line":156,"column":2},"end":{"line":156,"column":3}},"loc":{"start":{"line":156,"column":103},"end":{"line":160,"column":3}},"line":156},"19":{"name":"(anonymous_19)","decl":{"start":{"line":162,"column":2},"end":{"line":162,"column":3}},"loc":{"start":{"line":167,"column":11},"end":{"line":173,"column":3}},"line":167},"20":{"name":"(anonymous_20)","decl":{"start":{"line":175,"column":2},"end":{"line":175,"column":3}},"loc":{"start":{"line":175,"column":73},"end":{"line":179,"column":3}},"line":175},"21":{"name":"(anonymous_21)","decl":{"start":{"line":181,"column":2},"end":{"line":181,"column":3}},"loc":{"start":{"line":186,"column":11},"end":{"line":194,"column":3}},"line":186}},"branchMap":{"0":{"loc":{"start":{"line":38,"column":22},"end":{"line":38,"column":103}},"type":"binary-expr","locations":[{"start":{"line":38,"column":22},"end":{"line":38,"column":51}},{"start":{"line":38,"column":55},"end":{"line":38,"column":103}}],"line":38},"1":{"loc":{"start":{"line":39,"column":4},"end":{"line":42,"column":5}},"type":"if","locations":[{"start":{"line":39,"column":4},"end":{"line":42,"column":5}},{"start":{},"end":{}}],"line":39},"2":{"loc":{"start":{"line":68,"column":4},"end":{"line":68,"column":22}},"type":"if","locations":[{"start":{"line":68,"column":4},"end":{"line":68,"column":22}},{"start":{},"end":{}}],"line":68},"3":{"loc":{"start":{"line":90,"column":4},"end":{"line":93,"column":5}},"type":"if","locations":[{"start":{"line":90,"column":4},"end":{"line":93,"column":5}},{"start":{},"end":{}}],"line":90},"4":{"loc":{"start":{"line":90,"column":8},"end":{"line":90,"column":28}},"type":"binary-expr","locations":[{"start":{"line":90,"column":8},"end":{"line":90,"column":11}},{"start":{"line":90,"column":15},"end":{"line":90,"column":21}},{"start":{"line":90,"column":25},"end":{"line":90,"column":28}}],"line":90},"5":{"loc":{"start":{"line":104,"column":4},"end":{"line":104,"column":38}},"type":"if","locations":[{"start":{"line":104,"column":4},"end":{"line":104,"column":38}},{"start":{},"end":{}}],"line":104},"6":{"loc":{"start":{"line":106,"column":4},"end":{"line":110,"column":5}},"type":"if","locations":[{"start":{"line":106,"column":4},"end":{"line":110,"column":5}},{"start":{"line":108,"column":11},"end":{"line":110,"column":5}}],"line":106},"7":{"loc":{"start":{"line":114,"column":22},"end":{"line":114,"column":100}},"type":"binary-expr","locations":[{"start":{"line":114,"column":22},"end":{"line":114,"column":51}},{"start":{"line":114,"column":55},"end":{"line":114,"column":100}}],"line":114},"8":{"loc":{"start":{"line":115,"column":4},"end":{"line":118,"column":5}},"type":"if","locations":[{"start":{"line":115,"column":4},"end":{"line":118,"column":5}},{"start":{},"end":{}}],"line":115},"9":{"loc":{"start":{"line":130,"column":4},"end":{"line":132,"column":5}},"type":"if","locations":[{"start":{"line":130,"column":4},"end":{"line":132,"column":5}},{"start":{},"end":{}}],"line":130},"10":{"loc":{"start":{"line":158,"column":4},"end":{"line":158,"column":81}},"type":"if","locations":[{"start":{"line":158,"column":4},"end":{"line":158,"column":81}},{"start":{},"end":{}}],"line":158},"11":{"loc":{"start":{"line":159,"column":4},"end":{"line":159,"column":82}},"type":"if","locations":[{"start":{"line":159,"column":4},"end":{"line":159,"column":82}},{"start":{},"end":{}}],"line":159},"12":{"loc":{"start":{"line":169,"column":4},"end":{"line":172,"column":5}},"type":"if","locations":[{"start":{"line":169,"column":4},"end":{"line":172,"column":5}},{"start":{},"end":{}}],"line":169},"13":{"loc":{"start":{"line":188,"column":21},"end":{"line":188,"column":69}},"type":"binary-expr","locations":[{"start":{"line":188,"column":21},"end":{"line":188,"column":32}},{"start":{"line":188,"column":36},"end":{"line":188,"column":69}}],"line":188},"14":{"loc":{"start":{"line":189,"column":4},"end":{"line":193,"column":5}},"type":"if","locations":[{"start":{"line":189,"column":4},"end":{"line":193,"column":5}},{"start":{},"end":{}}],"line":189}},"s":{"0":13,"1":13,"2":0,"3":13,"4":0,"5":13,"6":13,"7":9,"8":9,"9":0,"10":0,"11":5,"12":11,"13":11,"14":11,"15":11,"16":11,"17":11,"18":0,"19":11,"20":11,"21":11,"22":11,"23":11,"24":11,"25":11,"26":11,"27":11,"28":11,"29":11,"30":5,"31":5,"32":5,"33":5,"34":20,"35":14,"36":6,"37":6,"38":0,"39":13,"40":13,"41":0,"42":0,"43":6,"44":0,"45":11,"46":3,"47":11,"48":11,"49":11,"50":11,"51":11,"52":11,"53":11,"54":11,"55":11,"56":11,"57":11,"58":1,"59":11,"60":1,"61":11,"62":11,"63":2,"64":2,"65":11,"66":11,"67":11,"68":11,"69":11,"70":11,"71":3,"72":3,"73":3},"f":{"0":0,"1":0,"2":13,"3":9,"4":5,"5":11,"6":11,"7":11,"8":11,"9":11,"10":5,"11":20,"12":13,"13":6,"14":0,"15":11,"16":11,"17":11,"18":11,"19":11,"20":11,"21":11},"b":{"0":[9,9],"1":[0,9],"2":[0,11],"3":[11,0],"4":[11,11,11],"5":[14,6],"6":[6,0],"7":[13,13],"8":[0,13],"9":[3,8],"10":[1,10],"11":[1,10],"12":[2,9],"13":[11,5],"14":[3,8]},"_coverageSchema":"1a1c01bbd47fc00a2c39e90264f33305004495a9","hash":"a88602020d30f2c3808fbbd443a2dd8c4b00091b"}
,"/app/src/game/systems/MovementSystem.ts": {"path":"/app/src/game/systems/MovementSystem.ts","statementMap":{"0":{"start":{"line":16,"column":21},"end":{"line":16,"column":56}},"1":{"start":{"line":18,"column":4},"end":{"line":26,"column":6}},"2":{"start":{"line":19,"column":18},"end":{"line":19,"column":75}},"3":{"start":{"line":20,"column":18},"end":{"line":20,"column":75}},"4":{"start":{"line":22,"column":6},"end":{"line":25,"column":7}},"5":{"start":{"line":23,"column":8},"end":{"line":23,"column":52}},"6":{"start":{"line":24,"column":8},"end":{"line":24,"column":30}},"7":{"start":{"line":34,"column":36},"end":{"line":34,"column":43}},"8":{"start":{"line":35,"column":15},"end":{"line":35,"column":31}},"9":{"start":{"line":36,"column":4},"end":{"line":36,"column":25}},"10":{"start":{"line":37,"column":4},"end":{"line":37,"column":25}},"11":{"start":{"line":41,"column":59},"end":{"line":41,"column":70}},"12":{"start":{"line":43,"column":4},"end":{"line":43,"column":56}},"13":{"start":{"line":44,"column":4},"end":{"line":44,"column":57}},"14":{"start":{"line":48,"column":31},"end":{"line":48,"column":37}},"15":{"start":{"line":49,"column":4},"end":{"line":53,"column":5}},"16":{"start":{"line":50,"column":6},"end":{"line":50,"column":22}},"17":{"start":{"line":51,"column":11},"end":{"line":53,"column":5}},"18":{"start":{"line":52,"column":6},"end":{"line":52,"column":20}}},"fnMap":{"0":{"name":"(anonymous_0)","decl":{"start":{"line":15,"column":2},"end":{"line":15,"column":3}},"loc":{"start":{"line":15,"column":55},"end":{"line":27,"column":3}},"line":15},"1":{"name":"(anonymous_1)","decl":{"start":{"line":18,"column":21},"end":{"line":18,"column":22}},"loc":{"start":{"line":18,"column":33},"end":{"line":26,"column":5}},"line":18},"2":{"name":"(anonymous_2)","decl":{"start":{"line":29,"column":2},"end":{"line":29,"column":3}},"loc":{"start":{"line":33,"column":11},"end":{"line":38,"column":3}},"line":33},"3":{"name":"(anonymous_3)","decl":{"start":{"line":40,"column":2},"end":{"line":40,"column":3}},"loc":{"start":{"line":40,"column":53},"end":{"line":45,"column":3}},"line":40},"4":{"name":"(anonymous_4)","decl":{"start":{"line":47,"column":2},"end":{"line":47,"column":3}},"loc":{"start":{"line":47,"column":97},"end":{"line":54,"column":3}},"line":47}},"branchMap":{"0":{"loc":{"start":{"line":22,"column":6},"end":{"line":25,"column":7}},"type":"if","locations":[{"start":{"line":22,"column":6},"end":{"line":25,"column":7}},{"start":{},"end":{}}],"line":22},"1":{"loc":{"start":{"line":22,"column":10},"end":{"line":22,"column":20}},"type":"binary-expr","locations":[{"start":{"line":22,"column":10},"end":{"line":22,"column":13}},{"start":{"line":22,"column":17},"end":{"line":22,"column":20}}],"line":22},"2":{"loc":{"start":{"line":49,"column":4},"end":{"line":53,"column":5}},"type":"if","locations":[{"start":{"line":49,"column":4},"end":{"line":53,"column":5}},{"start":{"line":51,"column":11},"end":{"line":53,"column":5}}],"line":49},"3":{"loc":{"start":{"line":51,"column":11},"end":{"line":53,"column":5}},"type":"if","locations":[{"start":{"line":51,"column":11},"end":{"line":53,"column":5}},{"start":{},"end":{}}],"line":51}},"s":{"0":5,"1":5,"2":17,"3":17,"4":17,"5":17,"6":17,"7":17,"8":17,"9":17,"10":17,"11":17,"12":17,"13":17,"14":34,"15":34,"16":0,"17":34,"18":1},"f":{"0":5,"1":17,"2":17,"3":17,"4":34},"b":{"0":[17,0],"1":[17,17],"2":[0,34],"3":[1,33]},"_coverageSchema":"1a1c01bbd47fc00a2c39e90264f33305004495a9","hash":"00b8bb3866431229f34354d336a07e4b8771fc2a"}
,"/app/src/game/systems/TTLSystem.ts": {"path":"/app/src/game/systems/TTLSystem.ts","statementMap":{"0":{"start":{"line":12,"column":24},"end":{"line":12,"column":42}},"1":{"start":{"line":14,"column":4},"end":{"line":14,"column":50}},"2":{"start":{"line":15,"column":28},"end":{"line":15,"column":71}},"3":{"start":{"line":17,"column":4},"end":{"line":17,"column":48}},"4":{"start":{"line":21,"column":4},"end":{"line":26,"column":6}},"5":{"start":{"line":22,"column":18},"end":{"line":22,"column":65}},"6":{"start":{"line":23,"column":6},"end":{"line":25,"column":7}},"7":{"start":{"line":24,"column":8},"end":{"line":24,"column":34}},"8":{"start":{"line":30,"column":4},"end":{"line":33,"column":6}},"9":{"start":{"line":31,"column":18},"end":{"line":31,"column":65}},"10":{"start":{"line":32,"column":6},"end":{"line":32,"column":45}},"11":{"start":{"line":37,"column":4},"end":{"line":39,"column":7}},"12":{"start":{"line":38,"column":6},"end":{"line":38,"column":33}}},"fnMap":{"0":{"name":"(anonymous_0)","decl":{"start":{"line":11,"column":2},"end":{"line":11,"column":3}},"loc":{"start":{"line":11,"column":55},"end":{"line":18,"column":3}},"line":11},"1":{"name":"(anonymous_1)","decl":{"start":{"line":20,"column":2},"end":{"line":20,"column":3}},"loc":{"start":{"line":20,"column":79},"end":{"line":27,"column":3}},"line":20},"2":{"name":"(anonymous_2)","decl":{"start":{"line":21,"column":21},"end":{"line":21,"column":22}},"loc":{"start":{"line":21,"column":33},"end":{"line":26,"column":5}},"line":21},"3":{"name":"(anonymous_3)","decl":{"start":{"line":29,"column":2},"end":{"line":29,"column":3}},"loc":{"start":{"line":29,"column":73},"end":{"line":34,"column":3}},"line":29},"4":{"name":"(anonymous_4)","decl":{"start":{"line":30,"column":27},"end":{"line":30,"column":28}},"loc":{"start":{"line":30,"column":39},"end":{"line":33,"column":5}},"line":30},"5":{"name":"(anonymous_5)","decl":{"start":{"line":36,"column":2},"end":{"line":36,"column":3}},"loc":{"start":{"line":36,"column":65},"end":{"line":40,"column":3}},"line":36},"6":{"name":"(anonymous_6)","decl":{"start":{"line":37,"column":21},"end":{"line":37,"column":22}},"loc":{"start":{"line":37,"column":33},"end":{"line":39,"column":5}},"line":37}},"branchMap":{"0":{"loc":{"start":{"line":23,"column":6},"end":{"line":25,"column":7}},"type":"if","locations":[{"start":{"line":23,"column":6},"end":{"line":25,"column":7}},{"start":{},"end":{}}],"line":23},"1":{"loc":{"start":{"line":32,"column":13},"end":{"line":32,"column":45}},"type":"cond-expr","locations":[{"start":{"line":32,"column":19},"end":{"line":32,"column":37}},{"start":{"line":32,"column":40},"end":{"line":32,"column":45}}],"line":32}},"s":{"0":5,"1":5,"2":5,"3":5,"4":5,"5":2,"6":2,"7":2,"8":5,"9":2,"10":2,"11":5,"12":1},"f":{"0":5,"1":5,"2":2,"3":5,"4":2,"5":5,"6":1},"b":{"0":[2,0],"1":[2,0]},"_coverageSchema":"1a1c01bbd47fc00a2c39e90264f33305004495a9","hash":"f052c3ae33e7004a1fa6711144df54b4c37993b5"}
,"/app/src/types/GameTypes.ts": {"path":"/app/src/types/GameTypes.ts","statementMap":{"0":{"start":{"line":196,"column":54},"end":{"line":203,"column":2}},"1":{"start":{"line":208,"column":27},"end":{"line":276,"column":1}}},"fnMap":{},"branchMap":{},"s":{"0":7,"1":7},"f":{},"b":{},"_coverageSchema":"1a1c01bbd47fc00a2c39e90264f33305004495a9","hash":"0e7bc081aba06df432874155d42609eab0bf4445"}
,"/app/src/utils/haptics.ts": {"path":"/app/src/utils/haptics.ts","statementMap":{"0":{"start":{"line":8,"column":2},"end":{"line":8,"column":36}},"1":{"start":{"line":8,"column":29},"end":{"line":8,"column":36}},"2":{"start":{"line":9,"column":2},"end":{"line":9,"column":57}},"3":{"start":{"line":16,"column":2},"end":{"line":16,"column":36}},"4":{"start":{"line":16,"column":29},"end":{"line":16,"column":36}},"5":{"start":{"line":17,"column":2},"end":{"line":17,"column":70}},"6":{"start":{"line":24,"column":2},"end":{"line":24,"column":36}},"7":{"start":{"line":24,"column":29},"end":{"line":24,"column":36}},"8":{"start":{"line":25,"column":2},"end":{"line":25,"column":68}}},"fnMap":{"0":{"name":"hapticShoot","decl":{"start":{"line":7,"column":16},"end":{"line":7,"column":27}},"loc":{"start":{"line":7,"column":36},"end":{"line":10,"column":1}},"line":7},"1":{"name":"hapticDamage","decl":{"start":{"line":15,"column":16},"end":{"line":15,"column":28}},"loc":{"start":{"line":15,"column":37},"end":{"line":18,"column":1}},"line":15},"2":{"name":"hapticDeath","decl":{"start":{"line":23,"column":16},"end":{"line":23,"column":27}},"loc":{"start":{"line":23,"column":36},"end":{"line":26,"column":1}},"line":23}},"branchMap":{"0":{"loc":{"start":{"line":8,"column":2},"end":{"line":8,"column":36}},"type":"if","locations":[{"start":{"line":8,"column":2},"end":{"line":8,"column":36}},{"start":{},"end":{}}],"line":8},"1":{"loc":{"start":{"line":16,"column":2},"end":{"line":16,"column":36}},"type":"if","locations":[{"start":{"line":16,"column":2},"end":{"line":16,"column":36}},{"start":{},"end":{}}],"line":16},"2":{"loc":{"start":{"line":24,"column":2},"end":{"line":24,"column":36}},"type":"if","locations":[{"start":{"line":24,"column":2},"end":{"line":24,"column":36}},{"start":{},"end":{}}],"line":24}},"s":{"0":3,"1":0,"2":3,"3":1,"4":0,"5":1,"6":1,"7":0,"8":1},"f":{"0":3,"1":1,"2":1},"b":{"0":[0,3],"1":[0,1],"2":[0,1]},"_coverageSchema":"1a1c01bbd47fc00a2c39e90264f33305004495a9","hash":"4af6e29c715e901405aa0a3d8769d204b4feecd0"}
,"/app/src/utils/logger.ts": {"path":"/app/src/utils/logger.ts","statementMap":{"0":{"start":{"line":1,"column":22},"end":{"line":5,"column":1}},"1":{"start":{"line":2,"column":33},"end":{"line":2,"column":66}},"2":{"start":{"line":2,"column":46},"end":{"line":2,"column":66}},"3":{"start":{"line":3,"column":34},"end":{"line":3,"column":68}},"4":{"start":{"line":3,"column":47},"end":{"line":3,"column":68}},"5":{"start":{"line":4,"column":35},"end":{"line":4,"column":70}},"6":{"start":{"line":4,"column":48},"end":{"line":4,"column":70}}},"fnMap":{"0":{"name":"(anonymous_0)","decl":{"start":{"line":2,"column":7},"end":{"line":2,"column":8}},"loc":{"start":{"line":2,"column":31},"end":{"line":2,"column":68}},"line":2},"1":{"name":"(anonymous_1)","decl":{"start":{"line":3,"column":8},"end":{"line":3,"column":9}},"loc":{"start":{"line":3,"column":32},"end":{"line":3,"column":70}},"line":3},"2":{"name":"(anonymous_2)","decl":{"start":{"line":4,"column":9},"end":{"line":4,"column":10}},"loc":{"start":{"line":4,"column":33},"end":{"line":4,"column":72}},"line":4}},"branchMap":{"0":{"loc":{"start":{"line":2,"column":33},"end":{"line":2,"column":66}},"type":"if","locations":[{"start":{"line":2,"column":33},"end":{"line":2,"column":66}},{"start":{},"end":{}}],"line":2},"1":{"loc":{"start":{"line":3,"column":34},"end":{"line":3,"column":68}},"type":"if","locations":[{"start":{"line":3,"column":34},"end":{"line":3,"column":68}},{"start":{},"end":{}}],"line":3},"2":{"loc":{"start":{"line":4,"column":35},"end":{"line":4,"column":70}},"type":"if","locations":[{"start":{"line":4,"column":35},"end":{"line":4,"column":70}},{"start":{},"end":{}}],"line":4}},"s":{"0":2,"1":7,"2":7,"3":0,"4":0,"5":0,"6":0},"f":{"0":7,"1":0,"2":0},"b":{"0":[7,0],"1":[0,0],"2":[0,0]},"_coverageSchema":"1a1c01bbd47fc00a2c39e90264f33305004495a9","hash":"e1e0a7a9676e0abf245694624c723fa7f2025c07"}
}
