TN:
SF:src/game/AsteroidsGame.ts
FN:29,(anonymous_0)
FN:30,(anonymous_1)
FN:31,(anonymous_2)
FN:32,(anonymous_3)
FN:35,(anonymous_4)
FN:38,(anonymous_5)
FN:41,(anonymous_6)
FN:44,(anonymous_7)
FN:47,(anonymous_8)
FN:49,(anonymous_9)
FN:51,(anonymous_10)
FN:65,(anonymous_11)
FN:67,(anonymous_12)
FN:76,(anonymous_13)
FN:86,(anonymous_14)
FN:95,(anonymous_15)
FN:102,(anonymous_16)
FN:111,(anonymous_17)
FN:118,(anonymous_18)
FN:122,(anonymous_19)
FN:126,(anonymous_20)
FN:130,(anonymous_21)
FN:137,(anonymous_22)
FN:141,(anonymous_23)
FN:143,(anonymous_24)
FN:149,(anonymous_25)
FN:158,(anonymous_26)
FN:163,(anonymous_27)
FN:169,(anonymous_28)
FN:174,(anonymous_29)
FN:179,(anonymous_30)
FN:184,(anonymous_31)
FN:192,(anonymous_32)
FN:198,(anonymous_33)
FN:202,(anonymous_34)
FN:208,(anonymous_35)
FN:212,(anonymous_36)
FN:213,(anonymous_37)
FN:218,(anonymous_38)
FN:227,(anonymous_39)
FN:235,(anonymous_40)
FN:240,(anonymous_41)
FN:246,(anonymous_42)
FN:253,(anonymous_43)
FN:260,(anonymous_44)
FN:262,(anonymous_45)
FN:263,(anonymous_46)
FN:272,(anonymous_47)
FNF:48
FNH:36
FNDA:0,(anonymous_0)
FNDA:0,(anonymous_1)
FNDA:0,(anonymous_2)
FNDA:1,(anonymous_3)
FNDA:1,(anonymous_4)
FNDA:1,(anonymous_5)
FNDA:1,(anonymous_6)
FNDA:0,(anonymous_7)
FNDA:1,(anonymous_8)
FNDA:1,(anonymous_9)
FNDA:0,(anonymous_10)
FNDA:0,(anonymous_11)
FNDA:8,(anonymous_12)
FNDA:3,(anonymous_13)
FNDA:9,(anonymous_14)
FNDA:2,(anonymous_15)
FNDA:1,(anonymous_16)
FNDA:1,(anonymous_17)
FNDA:3,(anonymous_18)
FNDA:1,(anonymous_19)
FNDA:3,(anonymous_20)
FNDA:0,(anonymous_21)
FNDA:1,(anonymous_22)
FNDA:1,(anonymous_23)
FNDA:0,(anonymous_24)
FNDA:9,(anonymous_25)
FNDA:1,(anonymous_26)
FNDA:1,(anonymous_27)
FNDA:4,(anonymous_28)
FNDA:8,(anonymous_29)
FNDA:8,(anonymous_30)
FNDA:8,(anonymous_31)
FNDA:9,(anonymous_32)
FNDA:9,(anonymous_33)
FNDA:9,(anonymous_34)
FNDA:9,(anonymous_35)
FNDA:7,(anonymous_36)
FNDA:2,(anonymous_37)
FNDA:3,(anonymous_38)
FNDA:3,(anonymous_39)
FNDA:3,(anonymous_40)
FNDA:3,(anonymous_41)
FNDA:8,(anonymous_42)
FNDA:9,(anonymous_43)
FNDA:0,(anonymous_44)
FNDA:0,(anonymous_45)
FNDA:0,(anonymous_46)
FNDA:0,(anonymous_47)
DA:27,2
DA:33,1
DA:36,1
DA:39,1
DA:42,1
DA:45,0
DA:48,1
DA:49,1
DA:58,8
DA:64,8
DA:65,8
DA:68,8
DA:69,8
DA:70,8
DA:71,8
DA:77,3
DA:79,3
DA:80,3
DA:81,3
DA:82,3
DA:83,3
DA:87,9
DA:88,0
DA:89,0
DA:91,9
DA:92,9
DA:96,2
DA:97,2
DA:98,2
DA:103,1
DA:104,1
DA:105,1
DA:106,1
DA:107,1
DA:112,1
DA:113,1
DA:114,1
DA:115,1
DA:119,3
DA:123,1
DA:127,3
DA:131,0
DA:132,0
DA:133,0
DA:138,1
DA:142,1
DA:143,1
DA:144,0
DA:146,1
DA:150,9
DA:151,9
DA:152,9
DA:153,9
DA:159,1
DA:160,1
DA:164,1
DA:165,0
DA:170,4
DA:171,4
DA:175,8
DA:176,8
DA:180,8
DA:181,8
DA:185,8
DA:186,8
DA:187,8
DA:188,8
DA:189,8
DA:193,9
DA:194,9
DA:195,9
DA:199,9
DA:203,9
DA:204,9
DA:205,9
DA:209,9
DA:213,7
DA:214,2
DA:218,8
DA:219,3
DA:221,3
DA:222,3
DA:224,3
DA:228,3
DA:229,3
DA:230,3
DA:232,3
DA:236,3
DA:237,3
DA:241,3
DA:242,3
DA:247,8
DA:248,8
DA:250,0
DA:254,9
DA:255,9
DA:257,0
DA:261,0
DA:262,0
DA:263,0
DA:266,0
DA:267,0
DA:268,0
DA:273,0
DA:274,0
DA:276,0
LF:106
LH:87
BRDA:77,0,0,0
BRDA:77,0,1,3
BRDA:87,1,0,0
BRDA:87,1,1,9
BRDA:96,2,0,2
BRDA:96,2,1,0
BRDA:96,3,0,2
BRDA:96,3,1,2
BRDA:103,4,0,1
BRDA:103,4,1,1
BRDA:104,5,0,1
BRDA:104,5,1,0
BRDA:131,6,0,0
BRDA:131,6,1,0
BRDA:132,7,0,0
BRDA:132,7,1,0
BRDA:164,8,0,0
BRDA:164,8,1,1
BRDA:219,9,0,0
BRDA:219,9,1,3
BRDA:241,10,0,3
BRDA:241,10,1,0
BRDA:247,11,0,8
BRDA:247,11,1,8
BRDA:248,12,0,8
BRDA:248,12,1,0
BRDA:254,13,0,9
BRDA:254,13,1,9
BRDA:255,14,0,9
BRDA:255,14,1,0
BRDA:267,15,0,0
BRDA:267,15,1,0
BRDA:273,16,0,0
BRDA:273,16,1,0
BRF:34
BRH:17
end_of_record
TN:
SF:src/game/EntityFactory.ts
FN:52,createShip
FN:62,addShipMovementComponents
FN:80,addShipCombatComponents
FN:86,addShipMetaComponents
FN:92,addShipHealthComponent
FN:103,addShipInputComponent
FN:121,createAsteroid
FN:131,addAsteroidMovementComponents
FN:146,addAsteroidTypeComponents
FN:170,createBullet
FN:180,addBulletMovementComponents
FN:197,addBulletLifeCycleComponents
FN:213,createGameState
FN:232,spawnAsteroidWave
FN:252,createParticle
FNF:15
FNH:15
FNDA:12,createShip
FNDA:12,addShipMovementComponents
FNDA:12,addShipCombatComponents
FNDA:12,addShipMetaComponents
FNDA:12,addShipHealthComponent
FNDA:12,addShipInputComponent
FNDA:70,createAsteroid
FNDA:70,addAsteroidMovementComponents
FNDA:70,addAsteroidTypeComponents
FNDA:5,createBullet
FNDA:5,addBulletMovementComponents
FNDA:5,addBulletLifeCycleComponents
FNDA:10,createGameState
FNDA:15,spawnAsteroidWave
FNDA:17,createParticle
DA:53,12
DA:54,12
DA:56,12
DA:57,12
DA:59,12
DA:68,12
DA:69,12
DA:70,12
DA:71,12
DA:81,12
DA:82,12
DA:83,12
DA:87,12
DA:88,12
DA:89,12
DA:93,12
DA:94,12
DA:95,12
DA:104,12
DA:105,12
DA:122,70
DA:123,70
DA:125,70
DA:126,70
DA:128,70
DA:137,70
DA:138,70
DA:139,70
DA:151,70
DA:152,70
DA:153,70
DA:160,70
DA:161,70
DA:171,5
DA:172,5
DA:174,5
DA:175,5
DA:177,5
DA:187,5
DA:188,5
DA:189,5
DA:190,5
DA:198,5
DA:199,5
DA:200,5
DA:201,5
DA:202,5
DA:203,5
DA:204,5
DA:214,10
DA:215,10
DA:216,10
DA:224,10
DA:233,15
DA:234,15
DA:235,15
DA:236,15
DA:238,15
DA:239,65
DA:240,65
DA:241,65
DA:242,65
DA:253,17
DA:254,17
DA:256,17
DA:257,17
DA:258,17
DA:265,17
DA:267,17
LF:69
LH:69
BRDA:253,0,0,1
BRF:1
BRH:1
end_of_record
TN:
SF:src/game/GameUtils.ts
FN:14,getGameState
FNF:1
FNH:1
FNDA:18,getGameState
DA:15,18
DA:16,18
DA:17,3
DA:19,15
LF:4
LH:4
BRDA:16,0,0,3
BRDA:16,0,1,15
BRDA:19,1,0,15
BRDA:19,1,1,0
BRF:4
BRH:3
end_of_record
TN:
SF:src/game/ecs-world.ts
FN:60,(anonymous_0)
FN:74,(anonymous_1)
FN:91,(anonymous_2)
FN:102,(anonymous_3)
FN:112,(anonymous_4)
FN:129,(anonymous_5)
FN:147,(anonymous_6)
FN:148,(anonymous_7)
FN:163,(anonymous_8)
FN:175,(anonymous_9)
FN:184,(anonymous_10)
FN:185,(anonymous_11)
FN:193,(anonymous_12)
FN:197,(anonymous_13)
FN:198,(anonymous_14)
FN:199,(anonymous_15)
FN:203,(anonymous_16)
FN:204,(anonymous_17)
FN:211,(anonymous_18)
FNF:19
FNH:19
FNDA:153,(anonymous_0)
FNDA:630,(anonymous_1)
FNDA:287,(anonymous_2)
FNDA:28,(anonymous_3)
FNDA:1,(anonymous_4)
FNDA:79,(anonymous_5)
FNDA:6,(anonymous_6)
FNDA:32,(anonymous_7)
FNDA:2,(anonymous_8)
FNDA:60,(anonymous_9)
FNDA:28,(anonymous_10)
FNDA:40,(anonymous_11)
FNDA:5,(anonymous_12)
FNDA:63,(anonymous_13)
FNDA:118,(anonymous_14)
FNDA:101,(anonymous_15)
FNDA:79,(anonymous_16)
FNDA:76,(anonymous_17)
FNDA:630,(anonymous_18)
DA:44,50
DA:45,50
DA:46,50
DA:47,50
DA:48,50
DA:53,50
DA:61,153
DA:62,153
DA:63,153
DA:64,153
DA:75,630
DA:77,630
DA:79,630
DA:80,630
DA:81,630
DA:92,287
DA:103,28
DA:113,1
DA:114,1
DA:115,1
DA:116,1
DA:130,79
DA:132,79
DA:133,79
DA:135,79
DA:136,16
DA:139,63
DA:148,6
DA:149,32
DA:150,14
DA:154,6
DA:155,6
DA:164,2
DA:165,2
DA:166,2
DA:167,2
DA:176,60
DA:185,40
DA:194,5
DA:198,63
DA:199,118
DA:204,79
DA:205,76
DA:206,76
DA:207,76
DA:212,630
DA:213,253
DA:214,253
LF:48
LH:48
BRDA:103,0,0,28
BRDA:103,0,1,6
BRDA:114,1,0,1
BRDA:114,1,1,0
BRDA:114,2,0,1
BRDA:114,2,1,1
BRDA:130,3,0,0
BRDA:130,3,1,79
BRDA:135,4,0,16
BRDA:135,4,1,63
BRDA:135,5,0,79
BRDA:135,5,1,65
BRDA:149,6,0,14
BRDA:149,6,1,18
BRDA:154,7,0,6
BRDA:154,7,1,0
BRDA:205,8,0,76
BRDA:205,8,1,4
BRDA:206,9,0,76
BRDA:206,9,1,4
BRDA:212,10,0,253
BRDA:212,10,1,377
BRF:22
BRH:19
end_of_record
TN:
SF:src/game/systems/CollisionSystem.ts
FN:32,(anonymous_0)
FN:41,(anonymous_1)
FN:43,(anonymous_2)
FN:48,(anonymous_3)
FN:60,(anonymous_4)
FN:68,(anonymous_5)
FN:83,(anonymous_6)
FN:91,(anonymous_7)
FN:99,(anonymous_8)
FN:117,(anonymous_9)
FN:129,(anonymous_10)
FN:147,(anonymous_11)
FN:158,(anonymous_12)
FN:172,(anonymous_13)
FN:181,(anonymous_14)
FN:185,(anonymous_15)
FN:196,(anonymous_16)
FN:207,(anonymous_17)
FN:220,(anonymous_18)
FN:231,(anonymous_19)
FNF:20
FNH:20
FNDA:9,(anonymous_0)
FNDA:8,(anonymous_1)
FNDA:25,(anonymous_2)
FNDA:25,(anonymous_3)
FNDA:35,(anonymous_4)
FNDA:35,(anonymous_5)
FNDA:35,(anonymous_6)
FNDA:5,(anonymous_7)
FNDA:5,(anonymous_8)
FNDA:3,(anonymous_9)
FNDA:8,(anonymous_10)
FNDA:2,(anonymous_11)
FNDA:2,(anonymous_12)
FNDA:3,(anonymous_13)
FNDA:3,(anonymous_14)
FNDA:2,(anonymous_15)
FNDA:2,(anonymous_16)
FNDA:2,(anonymous_17)
FNDA:1,(anonymous_18)
FNDA:2,(anonymous_19)
DA:19,2
DA:33,9
DA:34,9
DA:35,9
DA:36,9
DA:37,8
DA:42,8
DA:43,8
DA:44,25
DA:54,25
DA:55,25
DA:56,35
DA:61,35
DA:62,35
DA:63,35
DA:64,5
DA:69,35
DA:70,35
DA:71,35
DA:72,35
DA:73,35
DA:75,35
DA:77,35
DA:78,35
DA:80,35
DA:84,35
DA:85,35
DA:86,35
DA:87,35
DA:88,35
DA:92,5
DA:93,5
DA:95,5
DA:96,3
DA:103,5
DA:104,5
DA:106,5
DA:107,2
DA:112,2
DA:114,3
DA:121,3
DA:122,3
DA:124,3
DA:125,3
DA:135,8
DA:136,8
DA:138,8
DA:139,5
DA:141,3
DA:142,0
DA:144,3
DA:148,2
DA:149,2
DA:150,2
DA:151,2
DA:153,2
DA:154,2
DA:155,2
DA:159,2
DA:160,16
DA:173,3
DA:174,3
DA:176,3
DA:177,2
DA:182,3
DA:186,2
DA:187,2
DA:189,2
DA:190,1
DA:192,1
DA:197,2
DA:198,2
DA:199,2
DA:201,2
DA:202,2
DA:204,2
DA:212,2
DA:213,2
DA:215,2
DA:216,1
DA:226,1
DA:227,1
DA:228,1
DA:232,2
DA:233,2
DA:234,2
LF:86
LH:85
BRDA:36,0,0,8
BRDA:36,0,1,1
BRDA:63,1,0,5
BRDA:63,1,1,30
BRDA:75,2,0,0
BRDA:75,2,1,35
BRDA:75,3,0,35
BRDA:75,3,1,35
BRDA:75,3,2,35
BRDA:75,3,3,35
BRDA:95,4,0,2
BRDA:95,4,1,3
BRDA:106,5,0,2
BRDA:106,5,1,3
BRDA:124,6,0,3
BRDA:124,6,1,0
BRDA:138,7,0,5
BRDA:138,7,1,3
BRDA:138,8,0,8
BRDA:138,8,1,5
BRDA:141,9,0,0
BRDA:141,9,1,3
BRDA:141,10,0,3
BRDA:141,10,1,0
BRDA:150,11,0,2
BRDA:150,11,1,0
BRDA:166,12,0,8
BRDA:166,12,1,8
BRDA:176,13,0,2
BRDA:176,13,1,1
BRDA:182,14,0,3
BRDA:182,14,1,3
BRDA:189,15,0,1
BRDA:189,15,1,1
BRDA:201,16,0,2
BRDA:201,16,1,0
BRDA:201,17,0,2
BRDA:201,17,1,2
BRDA:215,18,0,1
BRDA:215,18,1,1
BRF:40
BRH:34
end_of_record
TN:
SF:src/game/systems/GameStateSystem.ts
FN:15,(anonymous_0)
FN:23,(anonymous_1)
FN:32,(anonymous_2)
FN:36,(anonymous_3)
FN:41,(anonymous_4)
FN:46,(anonymous_5)
FN:52,(anonymous_6)
FN:58,(anonymous_7)
FN:75,(anonymous_8)
FN:81,(anonymous_9)
FN:92,(anonymous_10)
FN:96,(anonymous_11)
FN:104,(anonymous_12)
FNF:13
FNH:13
FNDA:13,(anonymous_0)
FNDA:9,(anonymous_1)
FNDA:1,(anonymous_2)
FNDA:1,(anonymous_3)
FNDA:9,(anonymous_4)
FNDA:9,(anonymous_5)
FNDA:5,(anonymous_6)
FNDA:9,(anonymous_7)
FNDA:7,(anonymous_8)
FNDA:9,(anonymous_9)
FNDA:9,(anonymous_10)
FNDA:2,(anonymous_11)
FNDA:5,(anonymous_12)
DA:12,13
DA:16,13
DA:17,13
DA:24,9
DA:26,9
DA:27,9
DA:28,9
DA:29,9
DA:33,1
DA:37,1
DA:38,1
DA:42,9
DA:43,9
DA:47,9
DA:48,5
DA:53,5
DA:54,5
DA:55,5
DA:63,9
DA:64,9
DA:65,9
DA:67,7
DA:68,7
DA:69,7
DA:71,7
DA:72,7
DA:76,7
DA:77,1
DA:82,9
DA:83,9
DA:85,9
DA:86,2
DA:88,7
DA:93,9
DA:97,2
DA:98,2
DA:99,2
DA:100,2
DA:105,5
DA:106,5
DA:107,5
LF:41
LH:41
BRDA:47,0,0,5
BRDA:47,0,1,4
BRDA:65,1,0,2
BRDA:65,1,1,7
BRDA:69,2,0,0
BRDA:69,2,1,7
BRDA:76,3,0,1
BRDA:76,3,1,6
BRDA:85,4,0,2
BRDA:85,4,1,7
BRDA:97,5,0,2
BRDA:97,5,1,0
BRF:12
BRH:10
end_of_record
TN:
SF:src/game/systems/InputSystem.ts
FN:23,(anonymous_0)
FN:24,(anonymous_1)
FN:29,(anonymous_2)
FN:37,(anonymous_3)
FN:50,(anonymous_4)
FN:60,(anonymous_5)
FN:62,(anonymous_6)
FN:65,(anonymous_7)
FN:74,(anonymous_8)
FN:79,(anonymous_9)
FN:96,(anonymous_10)
FN:103,(anonymous_11)
FN:113,(anonymous_12)
FN:121,(anonymous_13)
FN:125,(anonymous_14)
FN:129,(anonymous_15)
FN:135,(anonymous_16)
FN:142,(anonymous_17)
FN:156,(anonymous_18)
FN:162,(anonymous_19)
FN:175,(anonymous_20)
FN:181,(anonymous_21)
FNF:22
FNH:19
FNDA:0,(anonymous_0)
FNDA:0,(anonymous_1)
FNDA:13,(anonymous_2)
FNDA:9,(anonymous_3)
FNDA:5,(anonymous_4)
FNDA:11,(anonymous_5)
FNDA:11,(anonymous_6)
FNDA:11,(anonymous_7)
FNDA:11,(anonymous_8)
FNDA:11,(anonymous_9)
FNDA:5,(anonymous_10)
FNDA:20,(anonymous_11)
FNDA:13,(anonymous_12)
FNDA:6,(anonymous_13)
FNDA:0,(anonymous_14)
FNDA:11,(anonymous_15)
FNDA:11,(anonymous_16)
FNDA:11,(anonymous_17)
FNDA:11,(anonymous_18)
FNDA:11,(anonymous_19)
FNDA:11,(anonymous_20)
FNDA:11,(anonymous_21)
DA:22,13
DA:23,13
DA:24,13
DA:30,13
DA:31,13
DA:38,9
DA:39,9
DA:40,0
DA:41,0
DA:51,5
DA:61,11
DA:62,11
DA:66,11
DA:67,11
DA:68,11
DA:70,11
DA:71,11
DA:75,11
DA:76,11
DA:85,11
DA:86,11
DA:87,11
DA:88,11
DA:90,11
DA:91,11
DA:92,11
DA:97,5
DA:98,5
DA:99,5
DA:100,5
DA:104,20
DA:106,6
DA:107,6
DA:109,0
DA:114,13
DA:115,13
DA:116,0
DA:117,0
DA:122,6
DA:126,0
DA:130,11
DA:131,3
DA:136,11
DA:137,11
DA:138,11
DA:139,11
DA:148,11
DA:149,11
DA:151,11
DA:152,11
DA:153,11
DA:157,11
DA:158,11
DA:159,11
DA:168,11
DA:169,11
DA:170,2
DA:171,2
DA:176,11
DA:177,11
DA:178,11
DA:187,11
DA:188,11
DA:189,11
DA:190,3
DA:191,3
DA:192,3
LF:67
LH:61
BRDA:38,0,0,9
BRDA:38,0,1,9
BRDA:39,1,0,0
BRDA:39,1,1,9
BRDA:68,2,0,0
BRDA:68,2,1,11
BRDA:90,3,0,11
BRDA:90,3,1,0
BRDA:90,4,0,11
BRDA:90,4,1,11
BRDA:90,4,2,11
BRDA:104,5,0,14
BRDA:104,5,1,6
BRDA:106,6,0,6
BRDA:106,6,1,0
BRDA:114,7,0,13
BRDA:114,7,1,13
BRDA:115,8,0,0
BRDA:115,8,1,13
BRDA:130,9,0,3
BRDA:130,9,1,8
BRDA:158,10,0,1
BRDA:158,10,1,10
BRDA:159,11,0,1
BRDA:159,11,1,10
BRDA:169,12,0,2
BRDA:169,12,1,9
BRDA:188,13,0,11
BRDA:188,13,1,5
BRDA:189,14,0,3
BRDA:189,14,1,8
BRF:31
BRH:26
end_of_record
TN:
SF:src/game/systems/MovementSystem.ts
FN:15,(anonymous_0)
FN:18,(anonymous_1)
FN:29,(anonymous_2)
FN:40,(anonymous_3)
FN:47,(anonymous_4)
FNF:5
FNH:5
FNDA:5,(anonymous_0)
FNDA:17,(anonymous_1)
FNDA:17,(anonymous_2)
FNDA:17,(anonymous_3)
FNDA:34,(anonymous_4)
DA:16,5
DA:18,5
DA:19,17
DA:20,17
DA:22,17
DA:23,17
DA:24,17
DA:34,17
DA:35,17
DA:36,17
DA:37,17
DA:41,17
DA:43,17
DA:44,17
DA:48,34
DA:49,34
DA:50,0
DA:51,34
DA:52,1
LF:19
LH:18
BRDA:22,0,0,17
BRDA:22,0,1,0
BRDA:22,1,0,17
BRDA:22,1,1,17
BRDA:49,2,0,0
BRDA:49,2,1,34
BRDA:51,3,0,1
BRDA:51,3,1,33
BRF:8
BRH:6
end_of_record
TN:
SF:src/game/systems/TTLSystem.ts
FN:11,(anonymous_0)
FN:20,(anonymous_1)
FN:21,(anonymous_2)
FN:29,(anonymous_3)
FN:30,(anonymous_4)
FN:36,(anonymous_5)
FN:37,(anonymous_6)
FNF:7
FNH:7
FNDA:5,(anonymous_0)
FNDA:5,(anonymous_1)
FNDA:2,(anonymous_2)
FNDA:5,(anonymous_3)
FNDA:2,(anonymous_4)
FNDA:5,(anonymous_5)
FNDA:1,(anonymous_6)
DA:12,5
DA:14,5
DA:15,5
DA:17,5
DA:21,5
DA:22,2
DA:23,2
DA:24,2
DA:30,5
DA:31,2
DA:32,2
DA:37,5
DA:38,1
LF:13
LH:13
BRDA:23,0,0,2
BRDA:23,0,1,0
BRDA:32,1,0,2
BRDA:32,1,1,0
BRF:4
BRH:2
end_of_record
TN:
SF:src/types/GameTypes.ts
FNF:0
FNH:0
DA:196,7
DA:208,7
LF:2
LH:2
BRF:0
BRH:0
end_of_record
TN:
SF:src/utils/haptics.ts
FN:7,hapticShoot
FN:15,hapticDamage
FN:23,hapticDeath
FNF:3
FNH:3
FNDA:3,hapticShoot
FNDA:1,hapticDamage
FNDA:1,hapticDeath
DA:8,3
DA:9,3
DA:16,1
DA:17,1
DA:24,1
DA:25,1
LF:6
LH:6
BRDA:8,0,0,0
BRDA:8,0,1,3
BRDA:16,1,0,0
BRDA:16,1,1,1
BRDA:24,2,0,0
BRDA:24,2,1,1
BRF:6
BRH:3
end_of_record
TN:
SF:src/utils/logger.ts
FN:2,(anonymous_0)
FN:3,(anonymous_1)
FN:4,(anonymous_2)
FNF:3
FNH:1
FNDA:7,(anonymous_0)
FNDA:0,(anonymous_1)
FNDA:0,(anonymous_2)
DA:1,2
DA:2,7
DA:3,0
DA:4,0
LF:4
LH:2
BRDA:2,0,0,7
BRDA:2,0,1,0
BRDA:3,1,0,0
BRDA:3,1,1,0
BRDA:4,2,0,0
BRDA:4,2,1,0
BRF:6
BRH:1
end_of_record
